mode: atomic
pinstack-post-service/cmd/migrate/main.go:12.13,24.16 7 0
pinstack-post-service/cmd/migrate/main.go:24.16,27.3 2 0
pinstack-post-service/cmd/migrate/main.go:28.2,28.15 1 0
pinstack-post-service/cmd/migrate/main.go:28.15,29.35 1 0
pinstack-post-service/cmd/migrate/main.go:29.35,31.4 1 0
pinstack-post-service/cmd/migrate/main.go:34.2,34.18 1 0
pinstack-post-service/cmd/migrate/main.go:35.12,36.32 1 0
pinstack-post-service/cmd/migrate/main.go:36.32,39.4 2 0
pinstack-post-service/cmd/migrate/main.go:40.3,40.46 1 0
pinstack-post-service/cmd/migrate/main.go:41.14,42.34 1 0
pinstack-post-service/cmd/migrate/main.go:42.34,45.4 2 0
pinstack-post-service/cmd/migrate/main.go:46.3,46.50 1 0
pinstack-post-service/cmd/migrate/main.go:47.10,49.13 2 0
pinstack-post-service/cmd/server/main.go:31.13,43.16 6 0
pinstack-post-service/cmd/server/main.go:43.16,46.3 2 0
pinstack-post-service/cmd/server/main.go:48.2,49.16 2 0
pinstack-post-service/cmd/server/main.go:49.16,52.3 2 0
pinstack-post-service/cmd/server/main.go:53.2,59.16 3 0
pinstack-post-service/cmd/server/main.go:59.16,62.3 2 0
pinstack-post-service/cmd/server/main.go:63.2,63.47 1 0
pinstack-post-service/cmd/server/main.go:63.47,65.17 2 0
pinstack-post-service/cmd/server/main.go:65.17,67.4 1 0
pinstack-post-service/cmd/server/main.go:70.2,92.12 15 0
pinstack-post-service/cmd/server/main.go:92.12,93.42 1 0
pinstack-post-service/cmd/server/main.go:93.42,95.4 1 0
pinstack-post-service/cmd/server/main.go:96.3,96.15 1 0
pinstack-post-service/cmd/server/main.go:99.2,100.12 2 0
pinstack-post-service/cmd/server/main.go:100.12,102.97 2 0
pinstack-post-service/cmd/server/main.go:102.97,104.4 1 0
pinstack-post-service/cmd/server/main.go:105.3,105.22 1 0
pinstack-post-service/cmd/server/main.go:108.2,114.46 5 0
pinstack-post-service/cmd/server/main.go:114.46,116.3 1 0
pinstack-post-service/cmd/server/main.go:118.2,118.60 1 0
pinstack-post-service/cmd/server/main.go:118.60,120.3 1 0
pinstack-post-service/cmd/server/main.go:122.2,125.27 3 0
pinstack-post-service/internal/domain/models/post_media.go:24.36,25.11 1 0
pinstack-post-service/internal/domain/models/post_media.go:26.38,27.13 1 0
pinstack-post-service/internal/domain/models/post_media.go:29.2,29.48 1 0
pinstack-post-service/internal/domain/models/post_media.go:32.54,34.37 2 0
pinstack-post-service/internal/domain/models/post_media.go:34.37,36.3 1 0
pinstack-post-service/internal/domain/models/post_media.go:37.2,38.12 2 0
pinstack-post-service/internal/domain/models/user.go:21.38,33.2 1 0
pinstack-post-service/internal/infrastructure/inbound/grpc/server.go:29.107,36.2 1 0
pinstack-post-service/internal/infrastructure/inbound/grpc/server.go:38.30,41.16 3 0
pinstack-post-service/internal/infrastructure/inbound/grpc/server.go:41.16,43.3 1 0
pinstack-post-service/internal/infrastructure/inbound/grpc/server.go:45.2,46.69 1 0
pinstack-post-service/internal/infrastructure/inbound/grpc/server.go:46.69,49.4 2 0
pinstack-post-service/internal/infrastructure/inbound/grpc/server.go:52.2,62.28 4 0
pinstack-post-service/internal/infrastructure/inbound/grpc/server.go:65.35,66.21 1 0
pinstack-post-service/internal/infrastructure/inbound/grpc/server.go:66.21,68.3 1 0
pinstack-post-service/internal/infrastructure/inbound/grpc/server.go:69.2,69.12 1 0
pinstack-post-service/internal/infrastructure/config/config.go:41.25,64.45 17 0
pinstack-post-service/internal/infrastructure/config/config.go:64.45,67.3 2 0
pinstack-post-service/internal/infrastructure/config/config.go:69.2,93.15 2 0
pinstack-post-service/internal/infrastructure/logger/logger.go:18.49,20.2 1 0
pinstack-post-service/internal/infrastructure/logger/logger.go:22.30,24.13 2 0
pinstack-post-service/internal/infrastructure/logger/logger.go:25.14,29.6 1 0
pinstack-post-service/internal/infrastructure/logger/logger.go:30.15,34.6 1 0
pinstack-post-service/internal/infrastructure/logger/logger.go:35.10,39.6 1 0
pinstack-post-service/internal/infrastructure/logger/logger.go:42.2,42.21 1 0
pinstack-post-service/internal/infrastructure/migrator/migrator.go:16.83,21.16 2 0
pinstack-post-service/internal/infrastructure/migrator/migrator.go:21.16,23.3 1 0
pinstack-post-service/internal/infrastructure/migrator/migrator.go:25.2,25.39 1 0
pinstack-post-service/internal/infrastructure/migrator/migrator.go:28.31,29.73 1 0
pinstack-post-service/internal/infrastructure/migrator/migrator.go:29.73,32.3 2 0
pinstack-post-service/internal/infrastructure/migrator/migrator.go:33.2,33.12 1 0
pinstack-post-service/internal/infrastructure/migrator/migrator.go:36.33,37.75 1 0
pinstack-post-service/internal/infrastructure/migrator/migrator.go:37.75,40.3 2 0
pinstack-post-service/internal/infrastructure/migrator/migrator.go:41.2,41.12 1 0
pinstack-post-service/internal/infrastructure/migrator/migrator.go:44.34,46.22 2 0
pinstack-post-service/internal/infrastructure/migrator/migrator.go:46.22,48.3 1 0
pinstack-post-service/internal/infrastructure/migrator/migrator.go:49.2,49.18 1 0
pinstack-post-service/internal/infrastructure/migrator/migrator.go:49.18,51.3 1 0
pinstack-post-service/internal/infrastructure/migrator/migrator.go:52.2,52.12 1 0
pinstack-post-service/internal/infrastructure/inbound/middleware/logger.go:14.75,20.34 1 0
pinstack-post-service/internal/infrastructure/inbound/middleware/logger.go:20.34,24.41 3 0
pinstack-post-service/internal/infrastructure/inbound/middleware/logger.go:24.41,26.4 1 0
pinstack-post-service/internal/infrastructure/inbound/middleware/logger.go:28.3,40.19 5 0
pinstack-post-service/internal/infrastructure/outbound/repository/media/postgres/repository.go:19.72,21.2 1 0
pinstack-post-service/internal/infrastructure/outbound/repository/media/postgres/repository.go:23.101,26.16 3 0
pinstack-post-service/internal/infrastructure/outbound/repository/media/postgres/repository.go:26.16,29.3 2 0
pinstack-post-service/internal/infrastructure/outbound/repository/media/postgres/repository.go:30.2,30.13 1 0
pinstack-post-service/internal/infrastructure/outbound/repository/media/postgres/repository.go:30.13,33.3 2 0
pinstack-post-service/internal/infrastructure/outbound/repository/media/postgres/repository.go:35.2,36.27 2 0
pinstack-post-service/internal/infrastructure/outbound/repository/media/postgres/repository.go:36.27,41.3 1 0
pinstack-post-service/internal/infrastructure/outbound/repository/media/postgres/repository.go:43.2,44.38 2 0
pinstack-post-service/internal/infrastructure/outbound/repository/media/postgres/repository.go:44.38,46.17 2 0
pinstack-post-service/internal/infrastructure/outbound/repository/media/postgres/repository.go:46.17,48.4 1 0
pinstack-post-service/internal/infrastructure/outbound/repository/media/postgres/repository.go:51.2,51.41 1 0
pinstack-post-service/internal/infrastructure/outbound/repository/media/postgres/repository.go:51.41,54.3 2 0
pinstack-post-service/internal/infrastructure/outbound/repository/media/postgres/repository.go:55.2,55.12 1 0
pinstack-post-service/internal/infrastructure/outbound/repository/media/postgres/repository.go:58.104,60.46 2 0
pinstack-post-service/internal/infrastructure/outbound/repository/media/postgres/repository.go:60.46,65.3 1 0
pinstack-post-service/internal/infrastructure/outbound/repository/media/postgres/repository.go:67.2,68.38 2 0
pinstack-post-service/internal/infrastructure/outbound/repository/media/postgres/repository.go:68.38,70.17 2 0
pinstack-post-service/internal/infrastructure/outbound/repository/media/postgres/repository.go:70.17,72.4 1 0
pinstack-post-service/internal/infrastructure/outbound/repository/media/postgres/repository.go:75.2,75.41 1 0
pinstack-post-service/internal/infrastructure/outbound/repository/media/postgres/repository.go:75.41,78.3 2 0
pinstack-post-service/internal/infrastructure/outbound/repository/media/postgres/repository.go:79.2,79.12 1 0
pinstack-post-service/internal/infrastructure/outbound/repository/media/postgres/repository.go:82.79,84.16 2 0
pinstack-post-service/internal/infrastructure/outbound/repository/media/postgres/repository.go:84.16,87.3 2 0
pinstack-post-service/internal/infrastructure/outbound/repository/media/postgres/repository.go:88.2,88.12 1 0
pinstack-post-service/internal/infrastructure/outbound/repository/media/postgres/repository.go:91.100,93.16 2 0
pinstack-post-service/internal/infrastructure/outbound/repository/media/postgres/repository.go:93.16,96.3 2 0
pinstack-post-service/internal/infrastructure/outbound/repository/media/postgres/repository.go:97.2,100.18 3 0
pinstack-post-service/internal/infrastructure/outbound/repository/media/postgres/repository.go:100.18,102.91 2 0
pinstack-post-service/internal/infrastructure/outbound/repository/media/postgres/repository.go:102.91,104.4 1 0
pinstack-post-service/internal/infrastructure/outbound/repository/media/postgres/repository.go:105.3,105.29 1 0
pinstack-post-service/internal/infrastructure/outbound/repository/media/postgres/repository.go:107.2,108.19 2 0
pinstack-post-service/internal/infrastructure/outbound/repository/media/postgres/repository.go:111.114,113.16 2 0
pinstack-post-service/internal/infrastructure/outbound/repository/media/postgres/repository.go:113.16,116.3 2 0
pinstack-post-service/internal/infrastructure/outbound/repository/media/postgres/repository.go:117.2,123.18 5 0
pinstack-post-service/internal/infrastructure/outbound/repository/media/postgres/repository.go:123.18,126.100 3 0
pinstack-post-service/internal/infrastructure/outbound/repository/media/postgres/repository.go:126.100,128.4 1 0
pinstack-post-service/internal/infrastructure/outbound/repository/media/postgres/repository.go:130.3,130.30 1 0
pinstack-post-service/internal/infrastructure/outbound/repository/media/postgres/repository.go:130.30,131.27 1 0
pinstack-post-service/internal/infrastructure/outbound/repository/media/postgres/repository.go:131.27,134.5 2 0
pinstack-post-service/internal/infrastructure/outbound/repository/media/postgres/repository.go:135.4,135.26 1 0
pinstack-post-service/internal/infrastructure/outbound/repository/media/postgres/repository.go:137.3,137.39 1 0
pinstack-post-service/internal/infrastructure/outbound/repository/media/postgres/repository.go:140.2,140.25 1 0
pinstack-post-service/internal/infrastructure/outbound/repository/media/postgres/repository.go:140.25,142.3 1 0
pinstack-post-service/internal/infrastructure/outbound/repository/media/postgres/repository.go:143.2,144.20 2 0
pinstack-post-service/internal/infrastructure/outbound/repository/post/memory/repository.go:24.58,30.2 1 0
pinstack-post-service/internal/infrastructure/outbound/repository/post/memory/repository.go:32.93,55.2 10 0
pinstack-post-service/internal/infrastructure/outbound/repository/post/memory/repository.go:57.86,62.13 4 0
pinstack-post-service/internal/infrastructure/outbound/repository/post/memory/repository.go:62.13,65.3 2 0
pinstack-post-service/internal/infrastructure/outbound/repository/post/memory/repository.go:67.2,68.21 2 0
pinstack-post-service/internal/infrastructure/outbound/repository/post/memory/repository.go:71.98,76.31 4 0
pinstack-post-service/internal/infrastructure/outbound/repository/post/memory/repository.go:76.31,77.32 1 0
pinstack-post-service/internal/infrastructure/outbound/repository/post/memory/repository.go:77.32,80.4 2 0
pinstack-post-service/internal/infrastructure/outbound/repository/post/memory/repository.go:83.2,83.41 1 0
pinstack-post-service/internal/infrastructure/outbound/repository/post/memory/repository.go:83.41,85.3 1 0
pinstack-post-service/internal/infrastructure/outbound/repository/post/memory/repository.go:87.2,87.20 1 0
pinstack-post-service/internal/infrastructure/outbound/repository/post/memory/repository.go:90.114,95.13 4 0
pinstack-post-service/internal/infrastructure/outbound/repository/post/memory/repository.go:95.13,97.3 1 0
pinstack-post-service/internal/infrastructure/outbound/repository/post/memory/repository.go:99.2,99.25 1 0
pinstack-post-service/internal/infrastructure/outbound/repository/post/memory/repository.go:99.25,101.3 1 0
pinstack-post-service/internal/infrastructure/outbound/repository/post/memory/repository.go:102.2,102.27 1 0
pinstack-post-service/internal/infrastructure/outbound/repository/post/memory/repository.go:102.27,104.3 1 0
pinstack-post-service/internal/infrastructure/outbound/repository/post/memory/repository.go:106.2,109.21 3 0
pinstack-post-service/internal/infrastructure/outbound/repository/post/memory/repository.go:112.70,116.39 3 0
pinstack-post-service/internal/infrastructure/outbound/repository/post/memory/repository.go:116.39,118.3 1 0
pinstack-post-service/internal/infrastructure/outbound/repository/post/memory/repository.go:120.2,121.12 2 0
pinstack-post-service/internal/infrastructure/outbound/repository/post/memory/repository.go:124.107,137.31 5 0
pinstack-post-service/internal/infrastructure/outbound/repository/post/memory/repository.go:137.31,138.68 1 0
pinstack-post-service/internal/infrastructure/outbound/repository/post/memory/repository.go:138.68,141.12 2 0
pinstack-post-service/internal/infrastructure/outbound/repository/post/memory/repository.go:143.3,143.149 1 0
pinstack-post-service/internal/infrastructure/outbound/repository/post/memory/repository.go:143.149,146.12 2 0
pinstack-post-service/internal/infrastructure/outbound/repository/post/memory/repository.go:148.3,148.92 1 0
pinstack-post-service/internal/infrastructure/outbound/repository/post/memory/repository.go:148.92,151.12 2 0
pinstack-post-service/internal/infrastructure/outbound/repository/post/memory/repository.go:155.3,157.51 3 0
pinstack-post-service/internal/infrastructure/outbound/repository/post/memory/repository.go:160.2,160.48 1 0
pinstack-post-service/internal/infrastructure/outbound/repository/post/memory/repository.go:160.48,162.3 1 0
pinstack-post-service/internal/infrastructure/outbound/repository/post/memory/repository.go:164.2,168.27 3 0
pinstack-post-service/internal/infrastructure/outbound/repository/post/memory/repository.go:168.27,171.35 3 0
pinstack-post-service/internal/infrastructure/outbound/repository/post/memory/repository.go:171.35,175.4 2 0
pinstack-post-service/internal/infrastructure/outbound/repository/post/memory/repository.go:176.3,176.41 1 0
pinstack-post-service/internal/infrastructure/outbound/repository/post/memory/repository.go:180.2,180.26 1 0
pinstack-post-service/internal/infrastructure/outbound/repository/post/memory/repository.go:180.26,183.33 3 0
pinstack-post-service/internal/infrastructure/outbound/repository/post/memory/repository.go:183.33,185.4 1 0
pinstack-post-service/internal/infrastructure/outbound/repository/post/memory/repository.go:188.2,189.34 2 0
pinstack-post-service/internal/infrastructure/outbound/client/user/user.go:22.75,27.2 1 0
pinstack-post-service/internal/infrastructure/outbound/client/user/user.go:29.82,32.16 3 0
pinstack-post-service/internal/infrastructure/outbound/client/user/user.go:32.16,34.42 2 0
pinstack-post-service/internal/infrastructure/outbound/client/user/user.go:34.42,35.35 1 0
pinstack-post-service/internal/infrastructure/outbound/client/user/user.go:35.35,37.5 1 0
pinstack-post-service/internal/infrastructure/outbound/client/user/user.go:39.3,39.52 1 0
pinstack-post-service/internal/infrastructure/outbound/client/user/user.go:41.2,42.39 2 0
pinstack-post-service/internal/infrastructure/outbound/client/user/user.go:45.99,48.16 3 0
pinstack-post-service/internal/infrastructure/outbound/client/user/user.go:48.16,50.42 2 0
pinstack-post-service/internal/infrastructure/outbound/client/user/user.go:50.42,51.35 1 0
pinstack-post-service/internal/infrastructure/outbound/client/user/user.go:51.35,53.5 1 0
pinstack-post-service/internal/infrastructure/outbound/client/user/user.go:55.3,55.52 1 0
pinstack-post-service/internal/infrastructure/outbound/client/user/user.go:57.2,58.39 2 0
pinstack-post-service/internal/infrastructure/outbound/client/user/user.go:61.93,64.16 3 0
pinstack-post-service/internal/infrastructure/outbound/client/user/user.go:64.16,66.42 2 0
pinstack-post-service/internal/infrastructure/outbound/client/user/user.go:66.42,67.35 1 0
pinstack-post-service/internal/infrastructure/outbound/client/user/user.go:67.35,69.5 1 0
pinstack-post-service/internal/infrastructure/outbound/client/user/user.go:71.3,71.52 1 0
pinstack-post-service/internal/infrastructure/outbound/client/user/user.go:73.2,74.39 2 0
pinstack-post-service/internal/infrastructure/outbound/repository/media/memory/repository.go:26.60,34.2 1 0
pinstack-post-service/internal/infrastructure/outbound/repository/media/memory/repository.go:36.73,40.2 3 0
pinstack-post-service/internal/infrastructure/outbound/repository/media/memory/repository.go:42.101,46.62 3 0
pinstack-post-service/internal/infrastructure/outbound/repository/media/memory/repository.go:46.62,49.3 2 0
pinstack-post-service/internal/infrastructure/outbound/repository/media/memory/repository.go:51.2,51.27 1 0
pinstack-post-service/internal/infrastructure/outbound/repository/media/memory/repository.go:51.27,66.3 4 0
pinstack-post-service/internal/infrastructure/outbound/repository/media/memory/repository.go:68.2,68.58 1 0
pinstack-post-service/internal/infrastructure/outbound/repository/media/memory/repository.go:68.58,70.3 1 0
pinstack-post-service/internal/infrastructure/outbound/repository/media/memory/repository.go:72.2,72.12 1 0
pinstack-post-service/internal/infrastructure/outbound/repository/media/memory/repository.go:75.104,79.51 3 0
pinstack-post-service/internal/infrastructure/outbound/repository/media/memory/repository.go:79.51,81.3 1 0
pinstack-post-service/internal/infrastructure/outbound/repository/media/memory/repository.go:83.2,83.49 1 0
pinstack-post-service/internal/infrastructure/outbound/repository/media/memory/repository.go:83.49,84.52 1 0
pinstack-post-service/internal/infrastructure/outbound/repository/media/memory/repository.go:84.52,86.4 1 0
pinstack-post-service/internal/infrastructure/outbound/repository/media/memory/repository.go:89.2,89.58 1 0
pinstack-post-service/internal/infrastructure/outbound/repository/media/memory/repository.go:89.58,91.3 1 0
pinstack-post-service/internal/infrastructure/outbound/repository/media/memory/repository.go:93.2,93.12 1 0
pinstack-post-service/internal/infrastructure/outbound/repository/media/memory/repository.go:96.79,100.35 3 0
pinstack-post-service/internal/infrastructure/outbound/repository/media/memory/repository.go:100.35,101.52 1 0
pinstack-post-service/internal/infrastructure/outbound/repository/media/memory/repository.go:101.52,102.51 1 0
pinstack-post-service/internal/infrastructure/outbound/repository/media/memory/repository.go:102.51,104.34 2 0
pinstack-post-service/internal/infrastructure/outbound/repository/media/memory/repository.go:104.34,105.26 1 0
pinstack-post-service/internal/infrastructure/outbound/repository/media/memory/repository.go:105.26,107.7 1 0
pinstack-post-service/internal/infrastructure/outbound/repository/media/memory/repository.go:109.5,109.43 1 0
pinstack-post-service/internal/infrastructure/outbound/repository/media/memory/repository.go:111.4,111.33 1 0
pinstack-post-service/internal/infrastructure/outbound/repository/media/memory/repository.go:115.2,115.12 1 0
pinstack-post-service/internal/infrastructure/outbound/repository/media/memory/repository.go:118.100,122.54 3 0
pinstack-post-service/internal/infrastructure/outbound/repository/media/memory/repository.go:122.54,124.30 2 0
pinstack-post-service/internal/infrastructure/outbound/repository/media/memory/repository.go:124.30,127.4 2 0
pinstack-post-service/internal/infrastructure/outbound/repository/media/memory/repository.go:128.3,128.21 1 0
pinstack-post-service/internal/infrastructure/outbound/repository/media/memory/repository.go:131.2,131.34 1 0
pinstack-post-service/internal/infrastructure/outbound/repository/media/memory/repository.go:134.114,140.33 4 0
pinstack-post-service/internal/infrastructure/outbound/repository/media/memory/repository.go:140.33,141.55 1 0
pinstack-post-service/internal/infrastructure/outbound/repository/media/memory/repository.go:141.55,143.31 2 0
pinstack-post-service/internal/infrastructure/outbound/repository/media/memory/repository.go:143.31,146.5 2 0
pinstack-post-service/internal/infrastructure/outbound/repository/media/memory/repository.go:147.4,147.30 1 0
pinstack-post-service/internal/infrastructure/outbound/repository/media/memory/repository.go:151.2,151.20 1 0
pinstack-post-service/internal/infrastructure/outbound/repository/post/postgres/repository.go:25.70,27.2 1 0
pinstack-post-service/internal/infrastructure/outbound/repository/post/postgres/repository.go:29.93,57.16 7 0
pinstack-post-service/internal/infrastructure/outbound/repository/post/postgres/repository.go:57.16,60.3 2 0
pinstack-post-service/internal/infrastructure/outbound/repository/post/postgres/repository.go:62.2,63.26 2 0
pinstack-post-service/internal/infrastructure/outbound/repository/post/postgres/repository.go:66.86,82.16 7 0
pinstack-post-service/internal/infrastructure/outbound/repository/post/postgres/repository.go:82.16,83.36 1 0
pinstack-post-service/internal/infrastructure/outbound/repository/post/postgres/repository.go:83.36,86.4 2 0
pinstack-post-service/internal/infrastructure/outbound/repository/post/postgres/repository.go:87.3,88.45 2 0
pinstack-post-service/internal/infrastructure/outbound/repository/post/postgres/repository.go:90.2,91.18 2 0
pinstack-post-service/internal/infrastructure/outbound/repository/post/postgres/repository.go:94.98,102.16 5 0
pinstack-post-service/internal/infrastructure/outbound/repository/post/postgres/repository.go:102.16,105.3 2 0
pinstack-post-service/internal/infrastructure/outbound/repository/post/postgres/repository.go:106.2,109.18 3 0
pinstack-post-service/internal/infrastructure/outbound/repository/post/postgres/repository.go:109.18,119.17 3 0
pinstack-post-service/internal/infrastructure/outbound/repository/post/postgres/repository.go:119.17,122.4 2 0
pinstack-post-service/internal/infrastructure/outbound/repository/post/postgres/repository.go:123.3,123.31 1 0
pinstack-post-service/internal/infrastructure/outbound/repository/post/postgres/repository.go:126.2,126.34 1 0
pinstack-post-service/internal/infrastructure/outbound/repository/post/postgres/repository.go:126.34,129.3 2 0
pinstack-post-service/internal/infrastructure/outbound/repository/post/postgres/repository.go:131.2,132.19 2 0
pinstack-post-service/internal/infrastructure/outbound/repository/post/postgres/repository.go:135.114,144.48 4 0
pinstack-post-service/internal/infrastructure/outbound/repository/post/postgres/repository.go:144.48,148.3 3 0
pinstack-post-service/internal/infrastructure/outbound/repository/post/postgres/repository.go:149.2,149.52 1 0
pinstack-post-service/internal/infrastructure/outbound/repository/post/postgres/repository.go:149.52,153.3 3 0
pinstack-post-service/internal/infrastructure/outbound/repository/post/postgres/repository.go:155.2,159.26 4 0
pinstack-post-service/internal/infrastructure/outbound/repository/post/postgres/repository.go:159.26,162.3 2 0
pinstack-post-service/internal/infrastructure/outbound/repository/post/postgres/repository.go:164.2,177.16 5 0
pinstack-post-service/internal/infrastructure/outbound/repository/post/postgres/repository.go:177.16,178.36 1 0
pinstack-post-service/internal/infrastructure/outbound/repository/post/postgres/repository.go:178.36,181.4 2 0
pinstack-post-service/internal/infrastructure/outbound/repository/post/postgres/repository.go:182.3,183.45 2 0
pinstack-post-service/internal/infrastructure/outbound/repository/post/postgres/repository.go:186.2,188.26 2 0
pinstack-post-service/internal/infrastructure/outbound/repository/post/postgres/repository.go:191.70,196.16 5 0
pinstack-post-service/internal/infrastructure/outbound/repository/post/postgres/repository.go:196.16,199.3 2 0
pinstack-post-service/internal/infrastructure/outbound/repository/post/postgres/repository.go:200.2,200.32 1 0
pinstack-post-service/internal/infrastructure/outbound/repository/post/postgres/repository.go:200.32,203.3 2 0
pinstack-post-service/internal/infrastructure/outbound/repository/post/postgres/repository.go:204.2,205.12 2 0
pinstack-post-service/internal/infrastructure/outbound/repository/post/postgres/repository.go:208.107,222.29 5 0
pinstack-post-service/internal/infrastructure/outbound/repository/post/postgres/repository.go:222.29,226.3 3 0
pinstack-post-service/internal/infrastructure/outbound/repository/post/postgres/repository.go:227.2,227.33 1 0
pinstack-post-service/internal/infrastructure/outbound/repository/post/postgres/repository.go:227.33,231.3 3 0
pinstack-post-service/internal/infrastructure/outbound/repository/post/postgres/repository.go:232.2,232.34 1 0
pinstack-post-service/internal/infrastructure/outbound/repository/post/postgres/repository.go:232.34,236.3 3 0
pinstack-post-service/internal/infrastructure/outbound/repository/post/postgres/repository.go:238.2,238.31 1 0
pinstack-post-service/internal/infrastructure/outbound/repository/post/postgres/repository.go:238.31,242.44 4 0
pinstack-post-service/internal/infrastructure/outbound/repository/post/postgres/repository.go:242.44,247.4 4 0
pinstack-post-service/internal/infrastructure/outbound/repository/post/postgres/repository.go:248.3,248.80 1 0
pinstack-post-service/internal/infrastructure/outbound/repository/post/postgres/repository.go:251.2,251.27 1 0
pinstack-post-service/internal/infrastructure/outbound/repository/post/postgres/repository.go:251.27,255.3 3 0
pinstack-post-service/internal/infrastructure/outbound/repository/post/postgres/repository.go:257.2,260.26 3 0
pinstack-post-service/internal/infrastructure/outbound/repository/post/postgres/repository.go:260.26,264.3 3 0
pinstack-post-service/internal/infrastructure/outbound/repository/post/postgres/repository.go:265.2,265.27 1 0
pinstack-post-service/internal/infrastructure/outbound/repository/post/postgres/repository.go:265.27,269.3 3 0
pinstack-post-service/internal/infrastructure/outbound/repository/post/postgres/repository.go:271.2,273.16 3 0
pinstack-post-service/internal/infrastructure/outbound/repository/post/postgres/repository.go:273.16,276.3 2 0
pinstack-post-service/internal/infrastructure/outbound/repository/post/postgres/repository.go:277.2,280.18 3 0
pinstack-post-service/internal/infrastructure/outbound/repository/post/postgres/repository.go:280.18,290.17 3 0
pinstack-post-service/internal/infrastructure/outbound/repository/post/postgres/repository.go:290.17,293.4 2 0
pinstack-post-service/internal/infrastructure/outbound/repository/post/postgres/repository.go:294.3,295.110 2 0
pinstack-post-service/internal/infrastructure/outbound/repository/post/postgres/repository.go:298.2,298.34 1 0
pinstack-post-service/internal/infrastructure/outbound/repository/post/postgres/repository.go:298.34,301.3 2 0
pinstack-post-service/internal/infrastructure/outbound/repository/post/postgres/repository.go:303.2,308.31 4 0
pinstack-post-service/internal/infrastructure/outbound/repository/post/postgres/repository.go:308.31,310.3 1 0
pinstack-post-service/internal/infrastructure/outbound/repository/post/postgres/repository.go:312.2,312.27 1 0
pinstack-post-service/internal/infrastructure/outbound/repository/post/postgres/repository.go:312.27,314.3 1 0
pinstack-post-service/internal/infrastructure/outbound/repository/post/postgres/repository.go:317.2,318.25 2 0
pinstack-post-service/internal/infrastructure/outbound/repository/post/postgres/repository.go:318.25,319.36 1 0
pinstack-post-service/internal/infrastructure/outbound/repository/post/postgres/repository.go:319.36,321.4 1 0
pinstack-post-service/internal/infrastructure/outbound/repository/post/postgres/repository.go:324.2,327.16 4 0
pinstack-post-service/internal/infrastructure/outbound/repository/post/postgres/repository.go:327.16,330.3 2 0
pinstack-post-service/internal/infrastructure/outbound/repository/post/postgres/repository.go:331.2,333.26 2 0
pinstack-post-service/internal/infrastructure/outbound/repository/postgres/units_of_work.go:37.70,39.2 1 0
pinstack-post-service/internal/infrastructure/outbound/repository/postgres/units_of_work.go:41.80,43.16 2 0
pinstack-post-service/internal/infrastructure/outbound/repository/postgres/units_of_work.go:43.16,45.3 1 0
pinstack-post-service/internal/infrastructure/outbound/repository/postgres/units_of_work.go:46.2,46.56 1 0
pinstack-post-service/internal/infrastructure/outbound/repository/postgres/units_of_work.go:54.65,56.2 1 0
pinstack-post-service/internal/infrastructure/outbound/repository/postgres/units_of_work.go:58.67,60.2 1 0
pinstack-post-service/internal/infrastructure/outbound/repository/postgres/units_of_work.go:62.75,64.2 1 0
pinstack-post-service/internal/infrastructure/outbound/repository/postgres/units_of_work.go:66.77,68.2 1 0
pinstack-post-service/internal/infrastructure/outbound/repository/postgres/units_of_work.go:70.73,72.2 1 0
pinstack-post-service/internal/application/service/post/service.go:34.16,43.2 1 45
pinstack-post-service/internal/application/service/post/service.go:45.122,47.16 2 10
pinstack-post-service/internal/application/service/post/service.go:47.16,50.3 2 1
pinstack-post-service/internal/application/service/post/service.go:52.2,53.16 2 9
pinstack-post-service/internal/application/service/post/service.go:53.16,56.3 2 1
pinstack-post-service/internal/application/service/post/service.go:58.2,59.15 2 8
pinstack-post-service/internal/application/service/post/service.go:59.15,60.32 1 8
pinstack-post-service/internal/application/service/post/service.go:60.32,62.26 2 7
pinstack-post-service/internal/application/service/post/service.go:62.26,63.149 1 0
pinstack-post-service/internal/application/service/post/service.go:63.149,65.6 1 0
pinstack-post-service/internal/application/service/post/service.go:65.11,67.6 1 0
pinstack-post-service/internal/application/service/post/service.go:72.2,85.16 8 8
pinstack-post-service/internal/application/service/post/service.go:85.16,86.53 1 1
pinstack-post-service/internal/application/service/post/service.go:86.53,89.4 2 1
pinstack-post-service/internal/application/service/post/service.go:90.3,91.18 2 0
pinstack-post-service/internal/application/service/post/service.go:94.2,94.30 1 7
pinstack-post-service/internal/application/service/post/service.go:94.30,96.37 2 3
pinstack-post-service/internal/application/service/post/service.go:96.37,103.4 1 3
pinstack-post-service/internal/application/service/post/service.go:104.3,105.17 2 3
pinstack-post-service/internal/application/service/post/service.go:105.17,108.4 2 1
pinstack-post-service/internal/application/service/post/service.go:109.3,110.17 2 2
pinstack-post-service/internal/application/service/post/service.go:110.17,113.4 2 1
pinstack-post-service/internal/application/service/post/service.go:116.2,116.24 1 5
pinstack-post-service/internal/application/service/post/service.go:116.24,118.17 2 4
pinstack-post-service/internal/application/service/post/service.go:118.17,121.4 2 1
pinstack-post-service/internal/application/service/post/service.go:122.3,123.36 2 3
pinstack-post-service/internal/application/service/post/service.go:123.36,126.4 2 2
pinstack-post-service/internal/application/service/post/service.go:127.3,128.34 2 3
pinstack-post-service/internal/application/service/post/service.go:128.34,129.50 1 4
pinstack-post-service/internal/application/service/post/service.go:129.50,131.5 1 2
pinstack-post-service/internal/application/service/post/service.go:134.3,134.36 1 3
pinstack-post-service/internal/application/service/post/service.go:134.36,136.21 2 2
pinstack-post-service/internal/application/service/post/service.go:136.21,137.60 1 1
pinstack-post-service/internal/application/service/post/service.go:137.60,140.6 2 1
pinstack-post-service/internal/application/service/post/service.go:141.5,142.49 2 0
pinstack-post-service/internal/application/service/post/service.go:144.4,144.49 1 1
pinstack-post-service/internal/application/service/post/service.go:147.3,148.20 2 2
pinstack-post-service/internal/application/service/post/service.go:148.20,149.56 1 1
pinstack-post-service/internal/application/service/post/service.go:149.56,152.5 2 0
pinstack-post-service/internal/application/service/post/service.go:153.4,153.55 1 1
pinstack-post-service/internal/application/service/post/service.go:153.55,156.5 2 0
pinstack-post-service/internal/application/service/post/service.go:157.4,157.63 1 1
pinstack-post-service/internal/application/service/post/service.go:157.63,160.5 2 0
pinstack-post-service/internal/application/service/post/service.go:161.4,161.51 1 1
pinstack-post-service/internal/application/service/post/service.go:161.51,164.5 2 1
pinstack-post-service/internal/application/service/post/service.go:165.4,166.48 2 0
pinstack-post-service/internal/application/service/post/service.go:170.2,171.16 2 2
pinstack-post-service/internal/application/service/post/service.go:171.16,172.80 1 1
pinstack-post-service/internal/application/service/post/service.go:172.80,175.4 2 0
pinstack-post-service/internal/application/service/post/service.go:176.3,177.45 2 1
pinstack-post-service/internal/application/service/post/service.go:179.2,187.26 3 1
pinstack-post-service/internal/application/service/post/service.go:190.95,192.16 2 5
pinstack-post-service/internal/application/service/post/service.go:192.16,193.10 1 1
pinstack-post-service/internal/application/service/post/service.go:194.54,196.45 2 1
pinstack-post-service/internal/application/service/post/service.go:197.11,201.46 2 0
pinstack-post-service/internal/application/service/post/service.go:205.2,206.16 2 4
pinstack-post-service/internal/application/service/post/service.go:206.16,207.10 1 1
pinstack-post-service/internal/application/service/post/service.go:208.54,210.45 2 0
pinstack-post-service/internal/application/service/post/service.go:211.11,215.53 2 1
pinstack-post-service/internal/application/service/post/service.go:219.2,221.16 3 3
pinstack-post-service/internal/application/service/post/service.go:221.16,222.53 1 1
pinstack-post-service/internal/application/service/post/service.go:222.53,225.4 2 0
pinstack-post-service/internal/application/service/post/service.go:225.9,230.4 2 1
pinstack-post-service/internal/application/service/post/service.go:231.8,233.3 1 2
pinstack-post-service/internal/application/service/post/service.go:235.2,237.16 3 2
pinstack-post-service/internal/application/service/post/service.go:237.16,238.52 1 1
pinstack-post-service/internal/application/service/post/service.go:238.52,241.4 2 0
pinstack-post-service/internal/application/service/post/service.go:241.9,246.4 2 1
pinstack-post-service/internal/application/service/post/service.go:247.8,249.3 1 1
pinstack-post-service/internal/application/service/post/service.go:251.2,257.26 2 1
pinstack-post-service/internal/application/service/post/service.go:260.118,262.16 2 8
pinstack-post-service/internal/application/service/post/service.go:262.16,265.3 2 1
pinstack-post-service/internal/application/service/post/service.go:267.2,268.29 2 7
pinstack-post-service/internal/application/service/post/service.go:268.29,270.17 2 8
pinstack-post-service/internal/application/service/post/service.go:270.17,271.11 1 2
pinstack-post-service/internal/application/service/post/service.go:272.56,274.16 2 1
pinstack-post-service/internal/application/service/post/service.go:275.12,277.50 2 1
pinstack-post-service/internal/application/service/post/service.go:281.3,282.17 2 7
pinstack-post-service/internal/application/service/post/service.go:282.17,283.11 1 2
pinstack-post-service/internal/application/service/post/service.go:284.55,286.15 2 1
pinstack-post-service/internal/application/service/post/service.go:287.12,289.50 2 1
pinstack-post-service/internal/application/service/post/service.go:293.3,294.17 2 6
pinstack-post-service/internal/application/service/post/service.go:294.17,295.11 1 2
pinstack-post-service/internal/application/service/post/service.go:296.55,298.49 2 1
pinstack-post-service/internal/application/service/post/service.go:299.12,301.50 2 1
pinstack-post-service/internal/application/service/post/service.go:305.3,311.40 2 4
pinstack-post-service/internal/application/service/post/service.go:313.2,313.27 1 3
pinstack-post-service/internal/application/service/post/service.go:316.118,318.16 2 10
pinstack-post-service/internal/application/service/post/service.go:318.16,321.3 2 1
pinstack-post-service/internal/application/service/post/service.go:323.2,324.15 2 9
pinstack-post-service/internal/application/service/post/service.go:324.15,325.32 1 9
pinstack-post-service/internal/application/service/post/service.go:325.32,327.26 2 8
pinstack-post-service/internal/application/service/post/service.go:327.26,328.149 1 0
pinstack-post-service/internal/application/service/post/service.go:328.149,330.6 1 0
pinstack-post-service/internal/application/service/post/service.go:330.11,332.6 1 0
pinstack-post-service/internal/application/service/post/service.go:337.2,342.16 5 9
pinstack-post-service/internal/application/service/post/service.go:342.16,343.52 1 1
pinstack-post-service/internal/application/service/post/service.go:343.52,346.4 2 1
pinstack-post-service/internal/application/service/post/service.go:347.3,348.40 2 0
pinstack-post-service/internal/application/service/post/service.go:350.2,350.37 1 8
pinstack-post-service/internal/application/service/post/service.go:350.37,353.3 2 1
pinstack-post-service/internal/application/service/post/service.go:355.2,356.16 2 7
pinstack-post-service/internal/application/service/post/service.go:356.16,357.52 1 1
pinstack-post-service/internal/application/service/post/service.go:357.52,360.4 2 0
pinstack-post-service/internal/application/service/post/service.go:361.3,362.40 2 1
pinstack-post-service/internal/application/service/post/service.go:365.2,365.30 1 6
pinstack-post-service/internal/application/service/post/service.go:365.30,367.17 2 3
pinstack-post-service/internal/application/service/post/service.go:367.17,368.54 1 0
pinstack-post-service/internal/application/service/post/service.go:368.54,371.5 2 0
pinstack-post-service/internal/application/service/post/service.go:372.4,373.41 2 0
pinstack-post-service/internal/application/service/post/service.go:375.3,376.35 2 3
pinstack-post-service/internal/application/service/post/service.go:376.35,378.4 1 3
pinstack-post-service/internal/application/service/post/service.go:379.3,380.17 2 3
pinstack-post-service/internal/application/service/post/service.go:380.17,383.4 2 1
pinstack-post-service/internal/application/service/post/service.go:384.3,384.31 1 2
pinstack-post-service/internal/application/service/post/service.go:384.31,386.38 2 2
pinstack-post-service/internal/application/service/post/service.go:386.38,393.5 1 2
pinstack-post-service/internal/application/service/post/service.go:394.4,395.18 2 2
pinstack-post-service/internal/application/service/post/service.go:395.18,398.5 2 1
pinstack-post-service/internal/application/service/post/service.go:402.2,402.24 1 4
pinstack-post-service/internal/application/service/post/service.go:402.24,403.34 1 3
pinstack-post-service/internal/application/service/post/service.go:403.34,405.78 2 3
pinstack-post-service/internal/application/service/post/service.go:405.78,406.60 1 1
pinstack-post-service/internal/application/service/post/service.go:406.60,409.6 2 1
pinstack-post-service/internal/application/service/post/service.go:410.5,411.44 2 0
pinstack-post-service/internal/application/service/post/service.go:414.3,415.17 2 2
pinstack-post-service/internal/application/service/post/service.go:415.17,416.53 1 1
pinstack-post-service/internal/application/service/post/service.go:416.53,419.5 2 0
pinstack-post-service/internal/application/service/post/service.go:420.4,420.52 1 1
pinstack-post-service/internal/application/service/post/service.go:420.52,423.5 2 0
pinstack-post-service/internal/application/service/post/service.go:424.4,424.60 1 1
pinstack-post-service/internal/application/service/post/service.go:424.60,427.5 2 0
pinstack-post-service/internal/application/service/post/service.go:428.4,428.48 1 1
pinstack-post-service/internal/application/service/post/service.go:428.48,431.5 2 1
pinstack-post-service/internal/application/service/post/service.go:432.4,433.14 2 0
pinstack-post-service/internal/application/service/post/service.go:437.2,438.16 2 2
pinstack-post-service/internal/application/service/post/service.go:438.16,439.80 1 1
pinstack-post-service/internal/application/service/post/service.go:439.80,442.4 2 0
pinstack-post-service/internal/application/service/post/service.go:443.3,444.40 2 1
pinstack-post-service/internal/application/service/post/service.go:446.2,448.12 2 1
pinstack-post-service/internal/application/service/post/service.go:451.91,453.16 2 12
pinstack-post-service/internal/application/service/post/service.go:453.16,456.3 2 1
pinstack-post-service/internal/application/service/post/service.go:458.2,459.15 2 11
pinstack-post-service/internal/application/service/post/service.go:459.15,460.32 1 11
pinstack-post-service/internal/application/service/post/service.go:460.32,462.26 2 8
pinstack-post-service/internal/application/service/post/service.go:462.26,463.149 1 0
pinstack-post-service/internal/application/service/post/service.go:463.149,465.6 1 0
pinstack-post-service/internal/application/service/post/service.go:465.11,467.6 1 0
pinstack-post-service/internal/application/service/post/service.go:472.2,477.16 5 11
pinstack-post-service/internal/application/service/post/service.go:477.16,478.52 1 1
pinstack-post-service/internal/application/service/post/service.go:478.52,481.4 2 1
pinstack-post-service/internal/application/service/post/service.go:481.9,484.4 2 0
pinstack-post-service/internal/application/service/post/service.go:486.2,486.29 1 10
pinstack-post-service/internal/application/service/post/service.go:486.29,489.3 2 1
pinstack-post-service/internal/application/service/post/service.go:491.2,492.16 2 9
pinstack-post-service/internal/application/service/post/service.go:492.16,493.53 1 6
pinstack-post-service/internal/application/service/post/service.go:493.53,496.4 2 5
pinstack-post-service/internal/application/service/post/service.go:496.9,499.4 2 1
pinstack-post-service/internal/application/service/post/service.go:501.2,502.34 2 8
pinstack-post-service/internal/application/service/post/service.go:502.34,504.3 1 3
pinstack-post-service/internal/application/service/post/service.go:505.2,505.23 1 8
pinstack-post-service/internal/application/service/post/service.go:505.23,507.17 2 3
pinstack-post-service/internal/application/service/post/service.go:507.17,508.54 1 1
pinstack-post-service/internal/application/service/post/service.go:508.54,510.5 1 0
pinstack-post-service/internal/application/service/post/service.go:510.10,513.5 2 1
pinstack-post-service/internal/application/service/post/service.go:517.2,518.16 2 7
pinstack-post-service/internal/application/service/post/service.go:518.16,519.52 1 4
pinstack-post-service/internal/application/service/post/service.go:519.52,522.4 2 3
pinstack-post-service/internal/application/service/post/service.go:522.9,525.4 2 1
pinstack-post-service/internal/application/service/post/service.go:527.2,528.27 2 6
pinstack-post-service/internal/application/service/post/service.go:528.27,530.3 1 3
pinstack-post-service/internal/application/service/post/service.go:531.2,531.23 1 6
pinstack-post-service/internal/application/service/post/service.go:531.23,533.17 2 3
pinstack-post-service/internal/application/service/post/service.go:533.17,534.52 1 1
pinstack-post-service/internal/application/service/post/service.go:534.52,536.5 1 0
pinstack-post-service/internal/application/service/post/service.go:536.10,539.5 2 1
pinstack-post-service/internal/application/service/post/service.go:542.2,543.16 2 5
pinstack-post-service/internal/application/service/post/service.go:543.16,544.52 1 1
pinstack-post-service/internal/application/service/post/service.go:544.52,547.4 2 0
pinstack-post-service/internal/application/service/post/service.go:548.3,549.40 2 1
pinstack-post-service/internal/application/service/post/service.go:551.2,552.16 2 4
pinstack-post-service/internal/application/service/post/service.go:552.16,553.80 1 1
pinstack-post-service/internal/application/service/post/service.go:553.80,556.4 2 0
pinstack-post-service/internal/application/service/post/service.go:557.3,558.40 2 1
pinstack-post-service/internal/application/service/post/service.go:560.2,561.12 2 3
pinstack-post-service/internal/infrastructure/outbound/repository/tag/postgres/repository.go:23.68,25.2 1 0
pinstack-post-service/internal/infrastructure/outbound/repository/tag/postgres/repository.go:27.96,28.21 1 0
pinstack-post-service/internal/infrastructure/outbound/repository/tag/postgres/repository.go:28.21,30.3 1 0
pinstack-post-service/internal/infrastructure/outbound/repository/tag/postgres/repository.go:32.2,36.16 4 0
pinstack-post-service/internal/infrastructure/outbound/repository/tag/postgres/repository.go:36.16,39.3 2 0
pinstack-post-service/internal/infrastructure/outbound/repository/tag/postgres/repository.go:40.2,43.18 3 0
pinstack-post-service/internal/infrastructure/outbound/repository/tag/postgres/repository.go:43.18,45.55 2 0
pinstack-post-service/internal/infrastructure/outbound/repository/tag/postgres/repository.go:45.55,48.4 2 0
pinstack-post-service/internal/infrastructure/outbound/repository/tag/postgres/repository.go:49.3,49.28 1 0
pinstack-post-service/internal/infrastructure/outbound/repository/tag/postgres/repository.go:51.2,51.18 1 0
pinstack-post-service/internal/infrastructure/outbound/repository/tag/postgres/repository.go:54.93,64.16 4 0
pinstack-post-service/internal/infrastructure/outbound/repository/tag/postgres/repository.go:64.16,67.3 2 0
pinstack-post-service/internal/infrastructure/outbound/repository/tag/postgres/repository.go:68.2,71.18 3 0
pinstack-post-service/internal/infrastructure/outbound/repository/tag/postgres/repository.go:71.18,73.55 2 0
pinstack-post-service/internal/infrastructure/outbound/repository/tag/postgres/repository.go:73.55,76.4 2 0
pinstack-post-service/internal/infrastructure/outbound/repository/tag/postgres/repository.go:77.3,77.28 1 0
pinstack-post-service/internal/infrastructure/outbound/repository/tag/postgres/repository.go:79.2,79.18 1 0
pinstack-post-service/internal/infrastructure/outbound/repository/tag/postgres/repository.go:82.86,94.16 5 0
pinstack-post-service/internal/infrastructure/outbound/repository/tag/postgres/repository.go:94.16,95.36 1 0
pinstack-post-service/internal/infrastructure/outbound/repository/tag/postgres/repository.go:95.36,97.40 2 0
pinstack-post-service/internal/infrastructure/outbound/repository/tag/postgres/repository.go:97.40,100.5 2 0
pinstack-post-service/internal/infrastructure/outbound/repository/tag/postgres/repository.go:101.4,101.23 1 0
pinstack-post-service/internal/infrastructure/outbound/repository/tag/postgres/repository.go:103.3,104.54 2 0
pinstack-post-service/internal/infrastructure/outbound/repository/tag/postgres/repository.go:104.54,106.40 2 0
pinstack-post-service/internal/infrastructure/outbound/repository/tag/postgres/repository.go:106.40,109.5 2 0
pinstack-post-service/internal/infrastructure/outbound/repository/tag/postgres/repository.go:110.4,110.23 1 0
pinstack-post-service/internal/infrastructure/outbound/repository/tag/postgres/repository.go:112.3,113.58 2 0
pinstack-post-service/internal/infrastructure/outbound/repository/tag/postgres/repository.go:115.2,115.18 1 0
pinstack-post-service/internal/infrastructure/outbound/repository/tag/postgres/repository.go:118.65,122.16 3 0
pinstack-post-service/internal/infrastructure/outbound/repository/tag/postgres/repository.go:122.16,125.3 2 0
pinstack-post-service/internal/infrastructure/outbound/repository/tag/postgres/repository.go:126.2,126.12 1 0
pinstack-post-service/internal/infrastructure/outbound/repository/tag/postgres/repository.go:129.93,130.24 1 0
pinstack-post-service/internal/infrastructure/outbound/repository/tag/postgres/repository.go:130.24,132.3 1 0
pinstack-post-service/internal/infrastructure/outbound/repository/tag/postgres/repository.go:134.2,135.16 2 0
pinstack-post-service/internal/infrastructure/outbound/repository/tag/postgres/repository.go:135.16,136.36 1 0
pinstack-post-service/internal/infrastructure/outbound/repository/tag/postgres/repository.go:136.36,138.4 1 0
pinstack-post-service/internal/infrastructure/outbound/repository/tag/postgres/repository.go:139.3,139.46 1 0
pinstack-post-service/internal/infrastructure/outbound/repository/tag/postgres/repository.go:142.2,145.35 3 0
pinstack-post-service/internal/infrastructure/outbound/repository/tag/postgres/repository.go:145.35,151.3 2 0
pinstack-post-service/internal/infrastructure/outbound/repository/tag/postgres/repository.go:153.2,154.34 2 0
pinstack-post-service/internal/infrastructure/outbound/repository/tag/postgres/repository.go:154.34,156.17 2 0
pinstack-post-service/internal/infrastructure/outbound/repository/tag/postgres/repository.go:156.17,158.4 1 0
pinstack-post-service/internal/infrastructure/outbound/repository/tag/postgres/repository.go:161.2,161.21 1 0
pinstack-post-service/internal/infrastructure/outbound/repository/tag/postgres/repository.go:161.21,163.17 2 0
pinstack-post-service/internal/infrastructure/outbound/repository/tag/postgres/repository.go:163.17,165.30 2 0
pinstack-post-service/internal/infrastructure/outbound/repository/tag/postgres/repository.go:165.30,166.23 1 0
pinstack-post-service/internal/infrastructure/outbound/repository/tag/postgres/repository.go:167.18,168.14 1 0
pinstack-post-service/internal/infrastructure/outbound/repository/tag/postgres/repository.go:169.18,170.41 1 0
pinstack-post-service/internal/infrastructure/outbound/repository/tag/postgres/repository.go:173.4,174.35 2 0
pinstack-post-service/internal/infrastructure/outbound/repository/tag/postgres/repository.go:177.2,177.12 1 0
pinstack-post-service/internal/infrastructure/outbound/repository/tag/postgres/repository.go:180.95,181.24 1 0
pinstack-post-service/internal/infrastructure/outbound/repository/tag/postgres/repository.go:181.24,183.3 1 0
pinstack-post-service/internal/infrastructure/outbound/repository/tag/postgres/repository.go:185.2,186.16 2 0
pinstack-post-service/internal/infrastructure/outbound/repository/tag/postgres/repository.go:186.16,187.36 1 0
pinstack-post-service/internal/infrastructure/outbound/repository/tag/postgres/repository.go:187.36,189.4 1 0
pinstack-post-service/internal/infrastructure/outbound/repository/tag/postgres/repository.go:190.3,190.46 1 0
pinstack-post-service/internal/infrastructure/outbound/repository/tag/postgres/repository.go:193.2,198.35 3 0
pinstack-post-service/internal/infrastructure/outbound/repository/tag/postgres/repository.go:198.35,204.3 2 0
pinstack-post-service/internal/infrastructure/outbound/repository/tag/postgres/repository.go:206.2,207.34 2 0
pinstack-post-service/internal/infrastructure/outbound/repository/tag/postgres/repository.go:207.34,209.17 2 0
pinstack-post-service/internal/infrastructure/outbound/repository/tag/postgres/repository.go:209.17,211.4 1 0
pinstack-post-service/internal/infrastructure/outbound/repository/tag/postgres/repository.go:214.2,214.21 1 0
pinstack-post-service/internal/infrastructure/outbound/repository/tag/postgres/repository.go:214.21,216.51 2 0
pinstack-post-service/internal/infrastructure/outbound/repository/tag/postgres/repository.go:216.51,218.55 2 0
pinstack-post-service/internal/infrastructure/outbound/repository/tag/postgres/repository.go:218.55,220.5 1 0
pinstack-post-service/internal/infrastructure/outbound/repository/tag/postgres/repository.go:221.4,222.14 2 0
pinstack-post-service/internal/infrastructure/outbound/repository/tag/postgres/repository.go:225.2,225.12 1 0
pinstack-post-service/internal/infrastructure/outbound/repository/tag/postgres/repository.go:228.100,230.16 2 0
pinstack-post-service/internal/infrastructure/outbound/repository/tag/postgres/repository.go:230.16,231.36 1 0
pinstack-post-service/internal/infrastructure/outbound/repository/tag/postgres/repository.go:231.36,233.4 1 0
pinstack-post-service/internal/infrastructure/outbound/repository/tag/postgres/repository.go:234.3,234.54 1 0
pinstack-post-service/internal/infrastructure/outbound/repository/tag/postgres/repository.go:237.2,239.16 3 0
pinstack-post-service/internal/infrastructure/outbound/repository/tag/postgres/repository.go:239.16,242.3 2 0
pinstack-post-service/internal/infrastructure/outbound/repository/tag/postgres/repository.go:244.2,244.22 1 0
pinstack-post-service/internal/infrastructure/outbound/repository/tag/postgres/repository.go:244.22,248.35 3 0
pinstack-post-service/internal/infrastructure/outbound/repository/tag/postgres/repository.go:248.35,253.4 1 0
pinstack-post-service/internal/infrastructure/outbound/repository/tag/postgres/repository.go:255.3,256.35 2 0
pinstack-post-service/internal/infrastructure/outbound/repository/tag/postgres/repository.go:256.35,258.18 2 0
pinstack-post-service/internal/infrastructure/outbound/repository/tag/postgres/repository.go:258.18,260.5 1 0
pinstack-post-service/internal/infrastructure/outbound/repository/tag/postgres/repository.go:263.3,263.21 1 0
pinstack-post-service/internal/infrastructure/outbound/repository/tag/postgres/repository.go:263.21,265.18 2 0
pinstack-post-service/internal/infrastructure/outbound/repository/tag/postgres/repository.go:265.18,267.56 2 0
pinstack-post-service/internal/infrastructure/outbound/repository/tag/postgres/repository.go:267.56,269.6 1 0
pinstack-post-service/internal/infrastructure/outbound/repository/tag/postgres/repository.go:270.5,271.42 2 0
pinstack-post-service/internal/infrastructure/outbound/repository/tag/postgres/repository.go:276.2,276.12 1 0
pinstack-post-service/internal/infrastructure/outbound/repository/tag/memory/repository.go:24.56,34.2 1 0
pinstack-post-service/internal/infrastructure/outbound/repository/tag/memory/repository.go:36.71,40.2 3 0
pinstack-post-service/internal/infrastructure/outbound/repository/tag/memory/repository.go:42.96,43.21 1 0
pinstack-post-service/internal/infrastructure/outbound/repository/tag/memory/repository.go:43.21,45.3 1 0
pinstack-post-service/internal/infrastructure/outbound/repository/tag/memory/repository.go:47.2,51.29 4 0
pinstack-post-service/internal/infrastructure/outbound/repository/tag/memory/repository.go:51.29,52.48 1 0
pinstack-post-service/internal/infrastructure/outbound/repository/tag/memory/repository.go:52.48,55.4 2 0
pinstack-post-service/internal/infrastructure/outbound/repository/tag/memory/repository.go:58.2,58.20 1 0
pinstack-post-service/internal/infrastructure/outbound/repository/tag/memory/repository.go:61.93,66.50 4 0
pinstack-post-service/internal/infrastructure/outbound/repository/tag/memory/repository.go:66.50,67.29 1 0
pinstack-post-service/internal/infrastructure/outbound/repository/tag/memory/repository.go:67.29,68.42 1 0
pinstack-post-service/internal/infrastructure/outbound/repository/tag/memory/repository.go:68.42,71.5 2 0
pinstack-post-service/internal/infrastructure/outbound/repository/tag/memory/repository.go:75.2,75.20 1 0
pinstack-post-service/internal/infrastructure/outbound/repository/tag/memory/repository.go:78.86,82.47 3 0
pinstack-post-service/internal/infrastructure/outbound/repository/tag/memory/repository.go:82.47,85.3 2 0
pinstack-post-service/internal/infrastructure/outbound/repository/tag/memory/repository.go:87.2,98.22 7 0
pinstack-post-service/internal/infrastructure/outbound/repository/tag/memory/repository.go:101.65,105.45 3 0
pinstack-post-service/internal/infrastructure/outbound/repository/tag/memory/repository.go:105.45,106.24 1 0
pinstack-post-service/internal/infrastructure/outbound/repository/tag/memory/repository.go:106.24,107.44 1 0
pinstack-post-service/internal/infrastructure/outbound/repository/tag/memory/repository.go:107.44,111.5 3 0
pinstack-post-service/internal/infrastructure/outbound/repository/tag/memory/repository.go:115.2,115.12 1 0
pinstack-post-service/internal/infrastructure/outbound/repository/tag/memory/repository.go:118.93,119.24 1 0
pinstack-post-service/internal/infrastructure/outbound/repository/tag/memory/repository.go:119.24,121.3 1 0
pinstack-post-service/internal/infrastructure/outbound/repository/tag/memory/repository.go:123.2,126.62 3 0
pinstack-post-service/internal/infrastructure/outbound/repository/tag/memory/repository.go:126.62,128.3 1 0
pinstack-post-service/internal/infrastructure/outbound/repository/tag/memory/repository.go:130.2,130.46 1 0
pinstack-post-service/internal/infrastructure/outbound/repository/tag/memory/repository.go:130.46,132.3 1 0
pinstack-post-service/internal/infrastructure/outbound/repository/tag/memory/repository.go:134.2,134.35 1 0
pinstack-post-service/internal/infrastructure/outbound/repository/tag/memory/repository.go:134.35,136.59 2 0
pinstack-post-service/internal/infrastructure/outbound/repository/tag/memory/repository.go:136.59,138.4 1 0
pinstack-post-service/internal/infrastructure/outbound/repository/tag/memory/repository.go:138.9,147.4 5 0
pinstack-post-service/internal/infrastructure/outbound/repository/tag/memory/repository.go:149.3,150.40 2 0
pinstack-post-service/internal/infrastructure/outbound/repository/tag/memory/repository.go:153.2,153.12 1 0
pinstack-post-service/internal/infrastructure/outbound/repository/tag/memory/repository.go:156.95,157.24 1 0
pinstack-post-service/internal/infrastructure/outbound/repository/tag/memory/repository.go:157.24,159.3 1 0
pinstack-post-service/internal/infrastructure/outbound/repository/tag/memory/repository.go:161.2,164.62 3 0
pinstack-post-service/internal/infrastructure/outbound/repository/tag/memory/repository.go:164.62,166.3 1 0
pinstack-post-service/internal/infrastructure/outbound/repository/tag/memory/repository.go:168.2,168.35 1 0
pinstack-post-service/internal/infrastructure/outbound/repository/tag/memory/repository.go:168.35,169.51 1 0
pinstack-post-service/internal/infrastructure/outbound/repository/tag/memory/repository.go:169.51,170.52 1 0
pinstack-post-service/internal/infrastructure/outbound/repository/tag/memory/repository.go:170.52,172.5 1 0
pinstack-post-service/internal/infrastructure/outbound/repository/tag/memory/repository.go:173.4,173.56 1 0
pinstack-post-service/internal/infrastructure/outbound/repository/tag/memory/repository.go:173.56,175.5 1 0
pinstack-post-service/internal/infrastructure/outbound/repository/tag/memory/repository.go:179.2,179.12 1 0
pinstack-post-service/internal/infrastructure/outbound/repository/tag/memory/repository.go:182.100,186.62 3 0
pinstack-post-service/internal/infrastructure/outbound/repository/tag/memory/repository.go:186.62,188.3 1 0
pinstack-post-service/internal/infrastructure/outbound/repository/tag/memory/repository.go:190.2,190.51 1 0
pinstack-post-service/internal/infrastructure/outbound/repository/tag/memory/repository.go:190.51,191.30 1 0
pinstack-post-service/internal/infrastructure/outbound/repository/tag/memory/repository.go:191.30,192.55 1 0
pinstack-post-service/internal/infrastructure/outbound/repository/tag/memory/repository.go:192.55,194.5 1 0
pinstack-post-service/internal/infrastructure/outbound/repository/tag/memory/repository.go:198.2,200.34 2 0
pinstack-post-service/internal/infrastructure/outbound/repository/tag/memory/repository.go:200.34,202.59 2 0
pinstack-post-service/internal/infrastructure/outbound/repository/tag/memory/repository.go:202.59,204.4 1 0
pinstack-post-service/internal/infrastructure/outbound/repository/tag/memory/repository.go:204.9,213.4 5 0
pinstack-post-service/internal/infrastructure/outbound/repository/tag/memory/repository.go:215.3,216.51 2 0
pinstack-post-service/internal/infrastructure/outbound/repository/tag/memory/repository.go:216.51,218.4 1 0
pinstack-post-service/internal/infrastructure/outbound/repository/tag/memory/repository.go:219.3,219.40 1 0
pinstack-post-service/internal/infrastructure/outbound/repository/tag/memory/repository.go:222.2,222.12 1 0
pinstack-post-service/mocks/postgres/Transaction.go:25.55,27.2 1 0
pinstack-post-service/mocks/postgres/Transaction.go:30.58,33.19 2 0
pinstack-post-service/mocks/postgres/Transaction.go:33.19,34.48 1 0
pinstack-post-service/mocks/postgres/Transaction.go:37.2,38.60 2 0
pinstack-post-service/mocks/postgres/Transaction.go:38.60,40.3 1 0
pinstack-post-service/mocks/postgres/Transaction.go:40.8,42.3 1 0
pinstack-post-service/mocks/postgres/Transaction.go:44.2,44.11 1 0
pinstack-post-service/mocks/postgres/Transaction.go:54.82,56.2 1 0
pinstack-post-service/mocks/postgres/Transaction.go:58.96,59.40 1 0
pinstack-post-service/mocks/postgres/Transaction.go:59.40,61.3 1 0
pinstack-post-service/mocks/postgres/Transaction.go:62.2,62.11 1 0
pinstack-post-service/mocks/postgres/Transaction.go:65.79,68.2 2 0
pinstack-post-service/mocks/postgres/Transaction.go:70.107,73.2 2 0
pinstack-post-service/mocks/postgres/Transaction.go:76.70,79.19 2 0
pinstack-post-service/mocks/postgres/Transaction.go:79.19,80.57 1 0
pinstack-post-service/mocks/postgres/Transaction.go:83.2,84.67 2 0
pinstack-post-service/mocks/postgres/Transaction.go:84.67,86.3 1 0
pinstack-post-service/mocks/postgres/Transaction.go:86.8,87.24 1 0
pinstack-post-service/mocks/postgres/Transaction.go:87.24,89.4 1 0
pinstack-post-service/mocks/postgres/Transaction.go:92.2,92.11 1 0
pinstack-post-service/mocks/postgres/Transaction.go:101.85,103.2 1 0
pinstack-post-service/mocks/postgres/Transaction.go:105.95,106.40 1 0
pinstack-post-service/mocks/postgres/Transaction.go:106.40,108.3 1 0
pinstack-post-service/mocks/postgres/Transaction.go:109.2,109.11 1 0
pinstack-post-service/mocks/postgres/Transaction.go:112.119,115.2 2 0
pinstack-post-service/mocks/postgres/Transaction.go:117.132,120.2 2 0
pinstack-post-service/mocks/postgres/Transaction.go:123.68,126.19 2 0
pinstack-post-service/mocks/postgres/Transaction.go:126.19,127.56 1 0
pinstack-post-service/mocks/postgres/Transaction.go:130.2,131.66 2 0
pinstack-post-service/mocks/postgres/Transaction.go:131.66,133.3 1 0
pinstack-post-service/mocks/postgres/Transaction.go:133.8,134.24 1 0
pinstack-post-service/mocks/postgres/Transaction.go:134.24,136.4 1 0
pinstack-post-service/mocks/postgres/Transaction.go:139.2,139.11 1 0
pinstack-post-service/mocks/postgres/Transaction.go:148.83,150.2 1 0
pinstack-post-service/mocks/postgres/Transaction.go:152.93,153.40 1 0
pinstack-post-service/mocks/postgres/Transaction.go:153.40,155.3 1 0
pinstack-post-service/mocks/postgres/Transaction.go:156.2,156.11 1 0
pinstack-post-service/mocks/postgres/Transaction.go:159.116,162.2 2 0
pinstack-post-service/mocks/postgres/Transaction.go:164.129,167.2 2 0
pinstack-post-service/mocks/postgres/Transaction.go:170.60,173.19 2 0
pinstack-post-service/mocks/postgres/Transaction.go:173.19,174.50 1 0
pinstack-post-service/mocks/postgres/Transaction.go:177.2,178.60 2 0
pinstack-post-service/mocks/postgres/Transaction.go:178.60,180.3 1 0
pinstack-post-service/mocks/postgres/Transaction.go:180.8,182.3 1 0
pinstack-post-service/mocks/postgres/Transaction.go:184.2,184.11 1 0
pinstack-post-service/mocks/postgres/Transaction.go:194.86,196.2 1 0
pinstack-post-service/mocks/postgres/Transaction.go:198.100,199.40 1 0
pinstack-post-service/mocks/postgres/Transaction.go:199.40,201.3 1 0
pinstack-post-service/mocks/postgres/Transaction.go:202.2,202.11 1 0
pinstack-post-service/mocks/postgres/Transaction.go:205.83,208.2 2 0
pinstack-post-service/mocks/postgres/Transaction.go:210.111,213.2 2 0
pinstack-post-service/mocks/postgres/Transaction.go:216.66,219.19 2 0
pinstack-post-service/mocks/postgres/Transaction.go:219.19,220.55 1 0
pinstack-post-service/mocks/postgres/Transaction.go:223.2,224.65 2 0
pinstack-post-service/mocks/postgres/Transaction.go:224.65,226.3 1 0
pinstack-post-service/mocks/postgres/Transaction.go:226.8,227.24 1 0
pinstack-post-service/mocks/postgres/Transaction.go:227.24,229.4 1 0
pinstack-post-service/mocks/postgres/Transaction.go:232.2,232.11 1 0
pinstack-post-service/mocks/postgres/Transaction.go:241.81,243.2 1 0
pinstack-post-service/mocks/postgres/Transaction.go:245.91,246.40 1 0
pinstack-post-service/mocks/postgres/Transaction.go:246.40,248.3 1 0
pinstack-post-service/mocks/postgres/Transaction.go:249.2,249.11 1 0
pinstack-post-service/mocks/postgres/Transaction.go:252.113,255.2 2 0
pinstack-post-service/mocks/postgres/Transaction.go:257.126,260.2 2 0
pinstack-post-service/mocks/postgres/Transaction.go:267.17,271.19 3 0
pinstack-post-service/mocks/postgres/Transaction.go:271.19,271.49 1 0
pinstack-post-service/mocks/postgres/Transaction.go:273.2,273.13 1 0
pinstack-post-service/mocks/postgres/UnitsOfWork.go:21.53,23.2 1 0
pinstack-post-service/mocks/postgres/UnitsOfWork.go:26.80,29.19 2 0
pinstack-post-service/mocks/postgres/UnitsOfWork.go:29.19,30.47 1 0
pinstack-post-service/mocks/postgres/UnitsOfWork.go:33.2,35.84 3 0
pinstack-post-service/mocks/postgres/UnitsOfWork.go:35.84,37.3 1 0
pinstack-post-service/mocks/postgres/UnitsOfWork.go:38.2,38.75 1 0
pinstack-post-service/mocks/postgres/UnitsOfWork.go:38.75,40.3 1 0
pinstack-post-service/mocks/postgres/UnitsOfWork.go:40.8,41.24 1 0
pinstack-post-service/mocks/postgres/UnitsOfWork.go:41.24,43.4 1 0
pinstack-post-service/mocks/postgres/UnitsOfWork.go:46.2,46.60 1 0
pinstack-post-service/mocks/postgres/UnitsOfWork.go:46.60,48.3 1 0
pinstack-post-service/mocks/postgres/UnitsOfWork.go:48.8,50.3 1 0
pinstack-post-service/mocks/postgres/UnitsOfWork.go:52.2,52.15 1 0
pinstack-post-service/mocks/postgres/UnitsOfWork.go:62.78,64.2 1 0
pinstack-post-service/mocks/postgres/UnitsOfWork.go:66.92,67.40 1 0
pinstack-post-service/mocks/postgres/UnitsOfWork.go:67.40,69.3 1 0
pinstack-post-service/mocks/postgres/UnitsOfWork.go:70.2,70.11 1 0
pinstack-post-service/mocks/postgres/UnitsOfWork.go:73.101,76.2 2 0
pinstack-post-service/mocks/postgres/UnitsOfWork.go:78.127,81.2 2 0
pinstack-post-service/mocks/postgres/UnitsOfWork.go:88.16,92.19 3 0
pinstack-post-service/mocks/postgres/UnitsOfWork.go:92.19,92.49 1 0
pinstack-post-service/mocks/postgres/UnitsOfWork.go:94.2,94.13 1 0
pinstack-post-service/mocks/media/MediaRepository.go:22.53,24.2 1 0
pinstack-post-service/mocks/media/MediaRepository.go:27.97,30.19 2 0
pinstack-post-service/mocks/media/MediaRepository.go:30.19,31.48 1 0
pinstack-post-service/mocks/media/MediaRepository.go:34.2,35.87 2 0
pinstack-post-service/mocks/media/MediaRepository.go:35.87,37.3 1 0
pinstack-post-service/mocks/media/MediaRepository.go:37.8,39.3 1 0
pinstack-post-service/mocks/media/MediaRepository.go:41.2,41.11 1 0
pinstack-post-service/mocks/media/MediaRepository.go:53.119,55.2 1 0
pinstack-post-service/mocks/media/MediaRepository.go:57.134,58.40 1 0
pinstack-post-service/mocks/media/MediaRepository.go:58.40,60.3 1 0
pinstack-post-service/mocks/media/MediaRepository.go:61.2,61.11 1 0
pinstack-post-service/mocks/media/MediaRepository.go:64.77,67.2 2 0
pinstack-post-service/mocks/media/MediaRepository.go:69.132,72.2 2 0
pinstack-post-service/mocks/media/MediaRepository.go:75.75,78.19 2 0
pinstack-post-service/mocks/media/MediaRepository.go:78.19,79.48 1 0
pinstack-post-service/mocks/media/MediaRepository.go:82.2,83.69 2 0
pinstack-post-service/mocks/media/MediaRepository.go:83.69,85.3 1 0
pinstack-post-service/mocks/media/MediaRepository.go:85.8,87.3 1 0
pinstack-post-service/mocks/media/MediaRepository.go:89.2,89.11 1 0
pinstack-post-service/mocks/media/MediaRepository.go:100.102,102.2 1 0
pinstack-post-service/mocks/media/MediaRepository.go:104.112,105.40 1 0
pinstack-post-service/mocks/media/MediaRepository.go:105.40,107.3 1 0
pinstack-post-service/mocks/media/MediaRepository.go:108.2,108.11 1 0
pinstack-post-service/mocks/media/MediaRepository.go:111.77,114.2 2 0
pinstack-post-service/mocks/media/MediaRepository.go:116.114,119.2 2 0
pinstack-post-service/mocks/media/MediaRepository.go:122.96,125.19 2 0
pinstack-post-service/mocks/media/MediaRepository.go:125.19,126.51 1 0
pinstack-post-service/mocks/media/MediaRepository.go:129.2,131.89 3 0
pinstack-post-service/mocks/media/MediaRepository.go:131.89,133.3 1 0
pinstack-post-service/mocks/media/MediaRepository.go:134.2,134.80 1 0
pinstack-post-service/mocks/media/MediaRepository.go:134.80,136.3 1 0
pinstack-post-service/mocks/media/MediaRepository.go:136.8,137.24 1 0
pinstack-post-service/mocks/media/MediaRepository.go:137.24,139.4 1 0
pinstack-post-service/mocks/media/MediaRepository.go:142.2,142.67 1 0
pinstack-post-service/mocks/media/MediaRepository.go:142.67,144.3 1 0
pinstack-post-service/mocks/media/MediaRepository.go:144.8,146.3 1 0
pinstack-post-service/mocks/media/MediaRepository.go:148.2,148.15 1 0
pinstack-post-service/mocks/media/MediaRepository.go:159.106,161.2 1 0
pinstack-post-service/mocks/media/MediaRepository.go:163.114,164.40 1 0
pinstack-post-service/mocks/media/MediaRepository.go:164.40,166.3 1 0
pinstack-post-service/mocks/media/MediaRepository.go:167.2,167.11 1 0
pinstack-post-service/mocks/media/MediaRepository.go:170.107,173.2 2 0
pinstack-post-service/mocks/media/MediaRepository.go:175.140,178.2 2 0
pinstack-post-service/mocks/media/MediaRepository.go:181.110,184.19 2 0
pinstack-post-service/mocks/media/MediaRepository.go:184.19,185.52 1 0
pinstack-post-service/mocks/media/MediaRepository.go:188.2,190.101 3 0
pinstack-post-service/mocks/media/MediaRepository.go:190.101,192.3 1 0
pinstack-post-service/mocks/media/MediaRepository.go:193.2,193.92 1 0
pinstack-post-service/mocks/media/MediaRepository.go:193.92,195.3 1 0
pinstack-post-service/mocks/media/MediaRepository.go:195.8,196.24 1 0
pinstack-post-service/mocks/media/MediaRepository.go:196.24,198.4 1 0
pinstack-post-service/mocks/media/MediaRepository.go:201.2,201.69 1 0
pinstack-post-service/mocks/media/MediaRepository.go:201.69,203.3 1 0
pinstack-post-service/mocks/media/MediaRepository.go:203.8,205.3 1 0
pinstack-post-service/mocks/media/MediaRepository.go:207.2,207.15 1 0
pinstack-post-service/mocks/media/MediaRepository.go:218.109,220.2 1 0
pinstack-post-service/mocks/media/MediaRepository.go:222.119,223.40 1 0
pinstack-post-service/mocks/media/MediaRepository.go:223.40,225.3 1 0
pinstack-post-service/mocks/media/MediaRepository.go:226.2,226.11 1 0
pinstack-post-service/mocks/media/MediaRepository.go:229.119,232.2 2 0
pinstack-post-service/mocks/media/MediaRepository.go:234.154,237.2 2 0
pinstack-post-service/mocks/media/MediaRepository.go:240.100,243.19 2 0
pinstack-post-service/mocks/media/MediaRepository.go:243.19,244.49 1 0
pinstack-post-service/mocks/media/MediaRepository.go:247.2,248.82 2 0
pinstack-post-service/mocks/media/MediaRepository.go:248.82,250.3 1 0
pinstack-post-service/mocks/media/MediaRepository.go:250.8,252.3 1 0
pinstack-post-service/mocks/media/MediaRepository.go:254.2,254.11 1 0
pinstack-post-service/mocks/media/MediaRepository.go:266.128,268.2 1 0
pinstack-post-service/mocks/media/MediaRepository.go:270.138,271.40 1 0
pinstack-post-service/mocks/media/MediaRepository.go:271.40,273.3 1 0
pinstack-post-service/mocks/media/MediaRepository.go:274.2,274.11 1 0
pinstack-post-service/mocks/media/MediaRepository.go:277.79,280.2 2 0
pinstack-post-service/mocks/media/MediaRepository.go:282.129,285.2 2 0
pinstack-post-service/mocks/media/MediaRepository.go:292.16,296.19 3 0
pinstack-post-service/mocks/media/MediaRepository.go:296.19,296.49 1 0
pinstack-post-service/mocks/media/MediaRepository.go:298.2,298.13 1 0
pinstack-post-service/mocks/post/PostRepository.go:21.53,23.2 1 0
pinstack-post-service/mocks/post/PostRepository.go:26.90,29.19 2 0
pinstack-post-service/mocks/post/PostRepository.go:29.19,30.48 1 0
pinstack-post-service/mocks/post/PostRepository.go:33.2,35.88 3 0
pinstack-post-service/mocks/post/PostRepository.go:35.88,37.3 1 0
pinstack-post-service/mocks/post/PostRepository.go:38.2,38.79 1 0
pinstack-post-service/mocks/post/PostRepository.go:38.79,40.3 1 0
pinstack-post-service/mocks/post/PostRepository.go:40.8,41.24 1 0
pinstack-post-service/mocks/post/PostRepository.go:41.24,43.4 1 0
pinstack-post-service/mocks/post/PostRepository.go:46.2,46.73 1 0
pinstack-post-service/mocks/post/PostRepository.go:46.73,48.3 1 0
pinstack-post-service/mocks/post/PostRepository.go:48.8,50.3 1 0
pinstack-post-service/mocks/post/PostRepository.go:52.2,52.15 1 0
pinstack-post-service/mocks/post/PostRepository.go:63.98,65.2 1 0
pinstack-post-service/mocks/post/PostRepository.go:67.112,68.40 1 0
pinstack-post-service/mocks/post/PostRepository.go:68.40,70.3 1 0
pinstack-post-service/mocks/post/PostRepository.go:71.2,71.11 1 0
pinstack-post-service/mocks/post/PostRepository.go:74.94,77.2 2 0
pinstack-post-service/mocks/post/PostRepository.go:79.133,82.2 2 0
pinstack-post-service/mocks/post/PostRepository.go:85.67,88.19 2 0
pinstack-post-service/mocks/post/PostRepository.go:88.19,89.48 1 0
pinstack-post-service/mocks/post/PostRepository.go:92.2,93.67 2 0
pinstack-post-service/mocks/post/PostRepository.go:93.67,95.3 1 0
pinstack-post-service/mocks/post/PostRepository.go:95.8,97.3 1 0
pinstack-post-service/mocks/post/PostRepository.go:99.2,99.11 1 0
pinstack-post-service/mocks/post/PostRepository.go:110.96,112.2 1 0
pinstack-post-service/mocks/post/PostRepository.go:114.104,115.40 1 0
pinstack-post-service/mocks/post/PostRepository.go:115.40,117.3 1 0
pinstack-post-service/mocks/post/PostRepository.go:118.2,118.11 1 0
pinstack-post-service/mocks/post/PostRepository.go:121.77,124.2 2 0
pinstack-post-service/mocks/post/PostRepository.go:126.112,129.2 2 0
pinstack-post-service/mocks/post/PostRepository.go:132.95,135.19 2 0
pinstack-post-service/mocks/post/PostRepository.go:135.19,136.53 1 0
pinstack-post-service/mocks/post/PostRepository.go:139.2,141.84 3 0
pinstack-post-service/mocks/post/PostRepository.go:141.84,143.3 1 0
pinstack-post-service/mocks/post/PostRepository.go:144.2,144.75 1 0
pinstack-post-service/mocks/post/PostRepository.go:144.75,146.3 1 0
pinstack-post-service/mocks/post/PostRepository.go:146.8,147.24 1 0
pinstack-post-service/mocks/post/PostRepository.go:147.24,149.4 1 0
pinstack-post-service/mocks/post/PostRepository.go:152.2,152.67 1 0
pinstack-post-service/mocks/post/PostRepository.go:152.67,154.3 1 0
pinstack-post-service/mocks/post/PostRepository.go:154.8,156.3 1 0
pinstack-post-service/mocks/post/PostRepository.go:158.2,158.15 1 0
pinstack-post-service/mocks/post/PostRepository.go:169.112,171.2 1 0
pinstack-post-service/mocks/post/PostRepository.go:173.120,174.40 1 0
pinstack-post-service/mocks/post/PostRepository.go:174.40,176.3 1 0
pinstack-post-service/mocks/post/PostRepository.go:177.2,177.11 1 0
pinstack-post-service/mocks/post/PostRepository.go:180.106,183.2 2 0
pinstack-post-service/mocks/post/PostRepository.go:185.139,188.2 2 0
pinstack-post-service/mocks/post/PostRepository.go:191.83,194.19 2 0
pinstack-post-service/mocks/post/PostRepository.go:194.19,195.49 1 0
pinstack-post-service/mocks/post/PostRepository.go:198.2,200.82 3 0
pinstack-post-service/mocks/post/PostRepository.go:200.82,202.3 1 0
pinstack-post-service/mocks/post/PostRepository.go:203.2,203.73 1 0
pinstack-post-service/mocks/post/PostRepository.go:203.73,205.3 1 0
pinstack-post-service/mocks/post/PostRepository.go:205.8,206.24 1 0
pinstack-post-service/mocks/post/PostRepository.go:206.24,208.4 1 0
pinstack-post-service/mocks/post/PostRepository.go:211.2,211.67 1 0
pinstack-post-service/mocks/post/PostRepository.go:211.67,213.3 1 0
pinstack-post-service/mocks/post/PostRepository.go:213.8,215.3 1 0
pinstack-post-service/mocks/post/PostRepository.go:217.2,217.15 1 0
pinstack-post-service/mocks/post/PostRepository.go:228.98,230.2 1 0
pinstack-post-service/mocks/post/PostRepository.go:232.106,233.40 1 0
pinstack-post-service/mocks/post/PostRepository.go:233.40,235.3 1 0
pinstack-post-service/mocks/post/PostRepository.go:236.2,236.11 1 0
pinstack-post-service/mocks/post/PostRepository.go:239.96,242.2 2 0
pinstack-post-service/mocks/post/PostRepository.go:244.129,247.2 2 0
pinstack-post-service/mocks/post/PostRepository.go:250.104,253.19 2 0
pinstack-post-service/mocks/post/PostRepository.go:253.19,254.46 1 0
pinstack-post-service/mocks/post/PostRepository.go:257.2,260.101 4 0
pinstack-post-service/mocks/post/PostRepository.go:260.101,262.3 1 0
pinstack-post-service/mocks/post/PostRepository.go:263.2,263.87 1 0
pinstack-post-service/mocks/post/PostRepository.go:263.87,265.3 1 0
pinstack-post-service/mocks/post/PostRepository.go:265.8,266.24 1 0
pinstack-post-service/mocks/post/PostRepository.go:266.24,268.4 1 0
pinstack-post-service/mocks/post/PostRepository.go:271.2,271.77 1 0
pinstack-post-service/mocks/post/PostRepository.go:271.77,273.3 1 0
pinstack-post-service/mocks/post/PostRepository.go:273.8,275.3 1 0
pinstack-post-service/mocks/post/PostRepository.go:277.2,277.79 1 0
pinstack-post-service/mocks/post/PostRepository.go:277.79,279.3 1 0
pinstack-post-service/mocks/post/PostRepository.go:279.8,281.3 1 0
pinstack-post-service/mocks/post/PostRepository.go:283.2,283.19 1 0
pinstack-post-service/mocks/post/PostRepository.go:294.97,296.2 1 0
pinstack-post-service/mocks/post/PostRepository.go:298.117,299.40 1 0
pinstack-post-service/mocks/post/PostRepository.go:299.40,301.3 1 0
pinstack-post-service/mocks/post/PostRepository.go:302.2,302.11 1 0
pinstack-post-service/mocks/post/PostRepository.go:305.101,308.2 2 0
pinstack-post-service/mocks/post/PostRepository.go:310.142,313.2 2 0
pinstack-post-service/mocks/post/PostRepository.go:316.111,319.19 2 0
pinstack-post-service/mocks/post/PostRepository.go:319.19,320.48 1 0
pinstack-post-service/mocks/post/PostRepository.go:323.2,325.104 3 0
pinstack-post-service/mocks/post/PostRepository.go:325.104,327.3 1 0
pinstack-post-service/mocks/post/PostRepository.go:328.2,328.95 1 0
pinstack-post-service/mocks/post/PostRepository.go:328.95,330.3 1 0
pinstack-post-service/mocks/post/PostRepository.go:330.8,331.24 1 0
pinstack-post-service/mocks/post/PostRepository.go:331.24,333.4 1 0
pinstack-post-service/mocks/post/PostRepository.go:336.2,336.89 1 0
pinstack-post-service/mocks/post/PostRepository.go:336.89,338.3 1 0
pinstack-post-service/mocks/post/PostRepository.go:338.8,340.3 1 0
pinstack-post-service/mocks/post/PostRepository.go:342.2,342.15 1 0
pinstack-post-service/mocks/post/PostRepository.go:354.116,356.2 1 0
pinstack-post-service/mocks/post/PostRepository.go:358.133,359.40 1 0
pinstack-post-service/mocks/post/PostRepository.go:359.40,361.3 1 0
pinstack-post-service/mocks/post/PostRepository.go:362.2,362.11 1 0
pinstack-post-service/mocks/post/PostRepository.go:365.94,368.2 2 0
pinstack-post-service/mocks/post/PostRepository.go:370.149,373.2 2 0
pinstack-post-service/mocks/post/PostRepository.go:380.16,384.19 3 0
pinstack-post-service/mocks/post/PostRepository.go:384.19,384.49 1 0
pinstack-post-service/mocks/post/PostRepository.go:386.2,386.13 1 0
pinstack-post-service/mocks/post/PostService.go:21.47,23.2 1 0
pinstack-post-service/mocks/post/PostService.go:26.108,29.19 2 0
pinstack-post-service/mocks/post/PostService.go:29.19,30.52 1 0
pinstack-post-service/mocks/post/PostService.go:33.2,35.105 3 0
pinstack-post-service/mocks/post/PostService.go:35.105,37.3 1 0
pinstack-post-service/mocks/post/PostService.go:38.2,38.96 1 0
pinstack-post-service/mocks/post/PostService.go:38.96,40.3 1 0
pinstack-post-service/mocks/post/PostService.go:40.8,41.24 1 0
pinstack-post-service/mocks/post/PostService.go:41.24,43.4 1 0
pinstack-post-service/mocks/post/PostService.go:46.2,46.82 1 0
pinstack-post-service/mocks/post/PostService.go:46.82,48.3 1 0
pinstack-post-service/mocks/post/PostService.go:48.8,50.3 1 0
pinstack-post-service/mocks/post/PostService.go:52.2,52.15 1 0
pinstack-post-service/mocks/post/PostService.go:63.100,65.2 1 0
pinstack-post-service/mocks/post/PostService.go:67.123,68.40 1 0
pinstack-post-service/mocks/post/PostService.go:68.40,70.3 1 0
pinstack-post-service/mocks/post/PostService.go:71.2,71.11 1 0
[...]
pinstack-post-service/mocks/tag/TagRepository.go:93.60,95.3 1 0
pinstack-post-service/mocks/tag/TagRepository.go:95.8,97.3 1 0
pinstack-post-service/mocks/tag/TagRepository.go:99.2,99.11 1 0
pinstack-post-service/mocks/tag/TagRepository.go:109.92,111.2 1 0
pinstack-post-service/mocks/tag/TagRepository.go:113.106,114.40 1 0
pinstack-post-service/mocks/tag/TagRepository.go:114.40,116.3 1 0
pinstack-post-service/mocks/tag/TagRepository.go:117.2,117.11 1 0
pinstack-post-service/mocks/tag/TagRepository.go:120.89,123.2 2 0
pinstack-post-service/mocks/tag/TagRepository.go:125.117,128.2 2 0
pinstack-post-service/mocks/tag/TagRepository.go:131.94,134.19 2 0
pinstack-post-service/mocks/tag/TagRepository.go:134.19,135.53 1 0
pinstack-post-service/mocks/tag/TagRepository.go:138.2,140.86 3 0
pinstack-post-service/mocks/tag/TagRepository.go:140.86,142.3 1 0
pinstack-post-service/mocks/tag/TagRepository.go:143.2,143.77 1 0
pinstack-post-service/mocks/tag/TagRepository.go:143.77,145.3 1 0
pinstack-post-service/mocks/tag/TagRepository.go:145.8,146.24 1 0
pinstack-post-service/mocks/tag/TagRepository.go:146.24,148.4 1 0
pinstack-post-service/mocks/tag/TagRepository.go:151.2,151.70 1 0
pinstack-post-service/mocks/tag/TagRepository.go:151.70,153.3 1 0
pinstack-post-service/mocks/tag/TagRepository.go:153.8,155.3 1 0
pinstack-post-service/mocks/tag/TagRepository.go:157.2,157.15 1 0
pinstack-post-service/mocks/tag/TagRepository.go:168.109,170.2 1 0
pinstack-post-service/mocks/tag/TagRepository.go:172.120,173.40 1 0
pinstack-post-service/mocks/tag/TagRepository.go:173.40,175.3 1 0
pinstack-post-service/mocks/tag/TagRepository.go:176.2,176.11 1 0
pinstack-post-service/mocks/tag/TagRepository.go:179.105,182.2 2 0
pinstack-post-service/mocks/tag/TagRepository.go:184.141,187.2 2 0
pinstack-post-service/mocks/tag/TagRepository.go:190.91,193.19 2 0
pinstack-post-service/mocks/tag/TagRepository.go:193.19,194.52 1 0
pinstack-post-service/mocks/tag/TagRepository.go:197.2,199.83 3 0
pinstack-post-service/mocks/tag/TagRepository.go:199.83,201.3 1 0
pinstack-post-service/mocks/tag/TagRepository.go:202.2,202.74 1 0
pinstack-post-service/mocks/tag/TagRepository.go:202.74,204.3 1 0
pinstack-post-service/mocks/tag/TagRepository.go:204.8,205.24 1 0
pinstack-post-service/mocks/tag/TagRepository.go:205.24,207.4 1 0
pinstack-post-service/mocks/tag/TagRepository.go:210.2,210.67 1 0
pinstack-post-service/mocks/tag/TagRepository.go:210.67,212.3 1 0
pinstack-post-service/mocks/tag/TagRepository.go:212.8,214.3 1 0
pinstack-post-service/mocks/tag/TagRepository.go:216.2,216.15 1 0
pinstack-post-service/mocks/tag/TagRepository.go:227.108,229.2 1 0
pinstack-post-service/mocks/tag/TagRepository.go:231.116,232.40 1 0
pinstack-post-service/mocks/tag/TagRepository.go:232.40,234.3 1 0
pinstack-post-service/mocks/tag/TagRepository.go:235.2,235.11 1 0
pinstack-post-service/mocks/tag/TagRepository.go:238.103,241.2 2 0
pinstack-post-service/mocks/tag/TagRepository.go:243.136,246.2 2 0
pinstack-post-service/mocks/tag/TagRepository.go:249.98,252.19 2 0
pinstack-post-service/mocks/tag/TagRepository.go:252.19,253.57 1 0
pinstack-post-service/mocks/tag/TagRepository.go:256.2,257.77 2 0
pinstack-post-service/mocks/tag/TagRepository.go:257.77,259.3 1 0
pinstack-post-service/mocks/tag/TagRepository.go:259.8,261.3 1 0
pinstack-post-service/mocks/tag/TagRepository.go:263.2,263.11 1 0
pinstack-post-service/mocks/tag/TagRepository.go:275.139,277.2 1 0
pinstack-post-service/mocks/tag/TagRepository.go:279.144,280.40 1 0
pinstack-post-service/mocks/tag/TagRepository.go:280.40,282.3 1 0
pinstack-post-service/mocks/tag/TagRepository.go:283.2,283.11 1 0
pinstack-post-service/mocks/tag/TagRepository.go:286.95,289.2 2 0
pinstack-post-service/mocks/tag/TagRepository.go:291.140,294.2 2 0
pinstack-post-service/mocks/tag/TagRepository.go:297.91,300.19 2 0
pinstack-post-service/mocks/tag/TagRepository.go:300.19,301.49 1 0
pinstack-post-service/mocks/tag/TagRepository.go:304.2,305.77 2 0
pinstack-post-service/mocks/tag/TagRepository.go:305.77,307.3 1 0
pinstack-post-service/mocks/tag/TagRepository.go:307.8,309.3 1 0
pinstack-post-service/mocks/tag/TagRepository.go:311.2,311.11 1 0
pinstack-post-service/mocks/tag/TagRepository.go:323.124,325.2 1 0
pinstack-post-service/mocks/tag/TagRepository.go:327.129,328.40 1 0
pinstack-post-service/mocks/tag/TagRepository.go:328.40,330.3 1 0
pinstack-post-service/mocks/tag/TagRepository.go:331.2,331.11 1 0
pinstack-post-service/mocks/tag/TagRepository.go:334.79,337.2 2 0
pinstack-post-service/mocks/tag/TagRepository.go:339.124,342.2 2 0
pinstack-post-service/mocks/tag/TagRepository.go:345.93,348.19 2 0
pinstack-post-service/mocks/tag/TagRepository.go:348.19,349.51 1 0
pinstack-post-service/mocks/tag/TagRepository.go:352.2,353.77 2 0
pinstack-post-service/mocks/tag/TagRepository.go:353.77,355.3 1 0
pinstack-post-service/mocks/tag/TagRepository.go:355.8,357.3 1 0
pinstack-post-service/mocks/tag/TagRepository.go:359.2,359.11 1 0
pinstack-post-service/mocks/tag/TagRepository.go:371.128,373.2 1 0
pinstack-post-service/mocks/tag/TagRepository.go:375.133,376.40 1 0
pinstack-post-service/mocks/tag/TagRepository.go:376.40,378.3 1 0
pinstack-post-service/mocks/tag/TagRepository.go:379.2,379.11 1 0
pinstack-post-service/mocks/tag/TagRepository.go:382.83,385.2 2 0
pinstack-post-service/mocks/tag/TagRepository.go:387.128,390.2 2 0
pinstack-post-service/mocks/tag/TagRepository.go:397.16,401.19 3 0
pinstack-post-service/mocks/tag/TagRepository.go:401.19,401.49 1 0
pinstack-post-service/mocks/tag/TagRepository.go:403.2,403.13 1 0
pinstack-post-service/internal/infrastructure/inbound/grpc/post/api.go:29.94,44.2 6 0
pinstack-post-service/internal/infrastructure/inbound/grpc/post/api.go:46.104,48.2 1 0
pinstack-post-service/internal/infrastructure/inbound/grpc/post/api.go:50.98,52.2 1 0
pinstack-post-service/internal/infrastructure/inbound/grpc/post/api.go:54.115,56.2 1 0
pinstack-post-service/internal/infrastructure/inbound/grpc/post/api.go:58.104,60.2 1 0
pinstack-post-service/internal/infrastructure/inbound/grpc/post/api.go:62.110,64.2 1 0
pinstack-post-service/internal/infrastructure/inbound/grpc/post/create_post_handler.go:30.119,36.2 1 7
pinstack-post-service/internal/infrastructure/inbound/grpc/post/create_post_handler.go:52.106,61.35 3 7
pinstack-post-service/internal/infrastructure/inbound/grpc/post/create_post_handler.go:61.35,67.3 1 4
pinstack-post-service/internal/infrastructure/inbound/grpc/post/create_post_handler.go:69.2,77.57 2 7
pinstack-post-service/internal/infrastructure/inbound/grpc/post/create_post_handler.go:77.57,82.3 2 2
pinstack-post-service/internal/infrastructure/inbound/grpc/post/create_post_handler.go:84.2,85.35 2 5
pinstack-post-service/internal/infrastructure/inbound/grpc/post/create_post_handler.go:85.35,87.65 2 3
pinstack-post-service/internal/infrastructure/inbound/grpc/post/create_post_handler.go:87.65,95.35 3 0
pinstack-post-service/internal/infrastructure/inbound/grpc/post/create_post_handler.go:95.35,100.13 2 0
pinstack-post-service/internal/infrastructure/inbound/grpc/post/create_post_handler.go:103.4,105.36 1 0
pinstack-post-service/internal/infrastructure/inbound/grpc/post/create_post_handler.go:107.3,111.5 1 3
pinstack-post-service/internal/infrastructure/inbound/grpc/post/create_post_handler.go:114.2,123.16 3 5
pinstack-post-service/internal/infrastructure/inbound/grpc/post/create_post_handler.go:123.16,128.14 2 2
pinstack-post-service/internal/infrastructure/inbound/grpc/post/create_post_handler.go:129.40,130.72 1 1
pinstack-post-service/internal/infrastructure/inbound/grpc/post/create_post_handler.go:131.11,135.70 2 1
pinstack-post-service/internal/infrastructure/inbound/grpc/post/create_post_handler.go:139.2,140.43 2 3
pinstack-post-service/internal/infrastructure/inbound/grpc/post/create_post_handler.go:140.43,142.24 2 3
pinstack-post-service/internal/infrastructure/inbound/grpc/post/create_post_handler.go:142.24,144.4 1 3
pinstack-post-service/internal/infrastructure/inbound/grpc/post/create_post_handler.go:145.3,151.4 1 3
pinstack-post-service/internal/infrastructure/inbound/grpc/post/create_post_handler.go:154.2,161.34 7 3
pinstack-post-service/internal/infrastructure/inbound/grpc/post/create_post_handler.go:161.34,166.44 5 3
pinstack-post-service/internal/infrastructure/inbound/grpc/post/create_post_handler.go:166.44,168.4 1 2
pinstack-post-service/internal/infrastructure/inbound/grpc/post/create_post_handler.go:169.3,169.44 1 3
pinstack-post-service/internal/infrastructure/inbound/grpc/post/create_post_handler.go:169.44,171.4 1 2
pinstack-post-service/internal/infrastructure/inbound/grpc/post/create_post_handler.go:174.2,175.42 2 3
pinstack-post-service/internal/infrastructure/inbound/grpc/post/create_post_handler.go:175.42,177.3 1 5
pinstack-post-service/internal/infrastructure/inbound/grpc/post/create_post_handler.go:179.2,196.18 3 3
pinstack-post-service/internal/infrastructure/inbound/grpc/post/delete_post_handler.go:29.119,35.2 1 11
pinstack-post-service/internal/infrastructure/inbound/grpc/post/delete_post_handler.go:41.112,50.57 3 11
pinstack-post-service/internal/infrastructure/inbound/grpc/post/delete_post_handler.go:50.57,56.3 2 1
pinstack-post-service/internal/infrastructure/inbound/grpc/post/delete_post_handler.go:58.2,59.16 2 10
pinstack-post-service/internal/infrastructure/inbound/grpc/post/delete_post_handler.go:59.16,65.10 2 9
pinstack-post-service/internal/infrastructure/inbound/grpc/post/delete_post_handler.go:66.54,67.62 1 1
pinstack-post-service/internal/infrastructure/inbound/grpc/post/delete_post_handler.go:68.56,69.72 1 1
pinstack-post-service/internal/infrastructure/inbound/grpc/post/delete_post_handler.go:70.51,71.78 1 1
pinstack-post-service/internal/infrastructure/inbound/grpc/post/delete_post_handler.go:72.58,74.69 2 1
pinstack-post-service/internal/infrastructure/inbound/grpc/post/delete_post_handler.go:75.59,77.70 2 1
pinstack-post-service/internal/infrastructure/inbound/grpc/post/delete_post_handler.go:78.56,80.68 2 1
pinstack-post-service/internal/infrastructure/inbound/grpc/post/delete_post_handler.go:81.57,83.69 2 1
pinstack-post-service/internal/infrastructure/inbound/grpc/post/delete_post_handler.go:84.55,86.62 2 1
pinstack-post-service/internal/infrastructure/inbound/grpc/post/delete_post_handler.go:87.11,89.69 2 1
pinstack-post-service/internal/infrastructure/inbound/grpc/post/delete_post_handler.go:93.2,96.30 2 1
pinstack-post-service/internal/infrastructure/inbound/grpc/post/get_post_handler.go:31.112,37.2 1 6
pinstack-post-service/internal/infrastructure/inbound/grpc/post/get_post_handler.go:43.97,50.57 3 6
pinstack-post-service/internal/infrastructure/inbound/grpc/post/get_post_handler.go:50.57,53.3 2 1
pinstack-post-service/internal/infrastructure/inbound/grpc/post/get_post_handler.go:55.2,57.16 3 5
pinstack-post-service/internal/infrastructure/inbound/grpc/post/get_post_handler.go:57.16,58.10 1 3
pinstack-post-service/internal/infrastructure/inbound/grpc/post/get_post_handler.go:59.54,61.62 2 1
pinstack-post-service/internal/infrastructure/inbound/grpc/post/get_post_handler.go:62.56,64.87 2 1
pinstack-post-service/internal/infrastructure/inbound/grpc/post/get_post_handler.go:65.11,67.66 2 1
pinstack-post-service/internal/infrastructure/inbound/grpc/post/get_post_handler.go:71.2,72.45 2 2
pinstack-post-service/internal/infrastructure/inbound/grpc/post/get_post_handler.go:72.45,74.24 2 2
pinstack-post-service/internal/infrastructure/inbound/grpc/post/get_post_handler.go:74.24,76.4 1 2
pinstack-post-service/internal/infrastructure/inbound/grpc/post/get_post_handler.go:77.3,83.4 1 2
pinstack-post-service/internal/infrastructure/inbound/grpc/post/get_post_handler.go:86.2,93.36 7 2
pinstack-post-service/internal/infrastructure/inbound/grpc/post/get_post_handler.go:93.36,97.45 4 2
pinstack-post-service/internal/infrastructure/inbound/grpc/post/get_post_handler.go:97.45,99.4 1 1
pinstack-post-service/internal/infrastructure/inbound/grpc/post/get_post_handler.go:100.3,100.46 1 2
pinstack-post-service/internal/infrastructure/inbound/grpc/post/get_post_handler.go:100.46,102.4 1 1
pinstack-post-service/internal/infrastructure/inbound/grpc/post/get_post_handler.go:103.3,103.46 1 2
pinstack-post-service/internal/infrastructure/inbound/grpc/post/get_post_handler.go:103.46,105.4 1 1
pinstack-post-service/internal/infrastructure/inbound/grpc/post/get_post_handler.go:108.2,109.44 2 2
pinstack-post-service/internal/infrastructure/inbound/grpc/post/get_post_handler.go:109.44,111.3 1 2
pinstack-post-service/internal/infrastructure/inbound/grpc/post/get_post_handler.go:113.2,130.18 3 2
pinstack-post-service/internal/infrastructure/inbound/grpc/post/list_posts_handler.go:29.116,35.2 1 7
pinstack-post-service/internal/infrastructure/inbound/grpc/post/list_posts_handler.go:43.116,51.23 3 7
pinstack-post-service/internal/infrastructure/inbound/grpc/post/list_posts_handler.go:51.23,53.3 1 3
pinstack-post-service/internal/infrastructure/inbound/grpc/post/list_posts_handler.go:54.2,55.21 2 7
pinstack-post-service/internal/infrastructure/inbound/grpc/post/list_posts_handler.go:55.21,58.3 2 2
pinstack-post-service/internal/infrastructure/inbound/grpc/post/list_posts_handler.go:59.2,60.20 2 7
pinstack-post-service/internal/infrastructure/inbound/grpc/post/list_posts_handler.go:60.20,63.3 2 5
pinstack-post-service/internal/infrastructure/inbound/grpc/post/list_posts_handler.go:65.2,71.57 2 7
pinstack-post-service/internal/infrastructure/inbound/grpc/post/list_posts_handler.go:71.57,75.3 2 2
pinstack-post-service/internal/infrastructure/inbound/grpc/post/list_posts_handler.go:77.2,84.29 3 5
pinstack-post-service/internal/infrastructure/inbound/grpc/post/list_posts_handler.go:84.29,90.3 2 0
pinstack-post-service/internal/infrastructure/inbound/grpc/post/list_posts_handler.go:92.2,92.30 1 5
pinstack-post-service/internal/infrastructure/inbound/grpc/post/list_posts_handler.go:92.30,98.3 2 0
pinstack-post-service/internal/infrastructure/inbound/grpc/post/list_posts_handler.go:100.2,100.27 1 5
pinstack-post-service/internal/infrastructure/inbound/grpc/post/list_posts_handler.go:100.27,102.3 1 0
pinstack-post-service/internal/infrastructure/inbound/grpc/post/list_posts_handler.go:104.2,111.16 3 5
pinstack-post-service/internal/infrastructure/inbound/grpc/post/list_posts_handler.go:111.16,114.3 2 1
pinstack-post-service/internal/infrastructure/inbound/grpc/post/list_posts_handler.go:116.2,117.29 2 4
pinstack-post-service/internal/infrastructure/inbound/grpc/post/list_posts_handler.go:117.29,119.24 2 3
pinstack-post-service/internal/infrastructure/inbound/grpc/post/list_posts_handler.go:119.24,121.33 2 2
pinstack-post-service/internal/infrastructure/inbound/grpc/post/list_posts_handler.go:121.33,123.26 2 2
pinstack-post-service/internal/infrastructure/inbound/grpc/post/list_posts_handler.go:123.26,125.6 1 2
pinstack-post-service/internal/infrastructure/inbound/grpc/post/list_posts_handler.go:126.5,132.6 1 2
pinstack-post-service/internal/infrastructure/inbound/grpc/post/list_posts_handler.go:136.3,143.23 7 3
pinstack-post-service/internal/infrastructure/inbound/grpc/post/list_posts_handler.go:143.23,147.32 4 3
pinstack-post-service/internal/infrastructure/inbound/grpc/post/list_posts_handler.go:147.32,149.5 1 2
pinstack-post-service/internal/infrastructure/inbound/grpc/post/list_posts_handler.go:150.4,150.33 1 3
pinstack-post-service/internal/infrastructure/inbound/grpc/post/list_posts_handler.go:150.33,152.5 1 2
pinstack-post-service/internal/infrastructure/inbound/grpc/post/list_posts_handler.go:153.4,153.33 1 3
pinstack-post-service/internal/infrastructure/inbound/grpc/post/list_posts_handler.go:153.33,155.5 1 2
pinstack-post-service/internal/infrastructure/inbound/grpc/post/list_posts_handler.go:158.3,159.31 2 3
pinstack-post-service/internal/infrastructure/inbound/grpc/post/list_posts_handler.go:159.31,161.4 1 4
pinstack-post-service/internal/infrastructure/inbound/grpc/post/list_posts_handler.go:163.3,172.4 1 3
pinstack-post-service/internal/infrastructure/inbound/grpc/post/list_posts_handler.go:175.2,184.18 3 4
pinstack-post-service/internal/infrastructure/inbound/grpc/post/update_post_handler.go:32.119,38.2 1 12
pinstack-post-service/internal/infrastructure/inbound/grpc/post/update_post_handler.go:48.106,58.35 3 12
pinstack-post-service/internal/infrastructure/inbound/grpc/post/update_post_handler.go:58.35,64.3 1 2
pinstack-post-service/internal/infrastructure/inbound/grpc/post/update_post_handler.go:66.2,74.57 2 12
pinstack-post-service/internal/infrastructure/inbound/grpc/post/update_post_handler.go:74.57,80.3 2 2
pinstack-post-service/internal/infrastructure/inbound/grpc/post/update_post_handler.go:82.2,83.35 2 10
pinstack-post-service/internal/infrastructure/inbound/grpc/post/update_post_handler.go:83.35,86.65 2 1
pinstack-post-service/internal/infrastructure/inbound/grpc/post/update_post_handler.go:86.65,94.35 3 0
pinstack-post-service/internal/infrastructure/inbound/grpc/post/update_post_handler.go:94.35,99.13 2 0
pinstack-post-service/internal/infrastructure/inbound/grpc/post/update_post_handler.go:102.4,104.36 1 0
pinstack-post-service/internal/infrastructure/inbound/grpc/post/update_post_handler.go:107.3,111.5 1 1
pinstack-post-service/internal/infrastructure/inbound/grpc/post/update_post_handler.go:114.2,123.16 3 10
pinstack-post-service/internal/infrastructure/inbound/grpc/post/update_post_handler.go:123.16,125.10 2 5
pinstack-post-service/internal/infrastructure/inbound/grpc/post/update_post_handler.go:126.54,127.83 1 1
pinstack-post-service/internal/infrastructure/inbound/grpc/post/update_post_handler.go:128.56,129.92 1 1
pinstack-post-service/internal/infrastructure/inbound/grpc/post/update_post_handler.go:130.100,132.88 1 2
pinstack-post-service/internal/infrastructure/inbound/grpc/post/update_post_handler.go:133.11,135.91 2 1
pinstack-post-service/internal/infrastructure/inbound/grpc/post/update_post_handler.go:139.2,140.16 2 5
pinstack-post-service/internal/infrastructure/inbound/grpc/post/update_post_handler.go:140.16,142.10 2 3
pinstack-post-service/internal/infrastructure/inbound/grpc/post/update_post_handler.go:143.54,144.83 1 1
pinstack-post-service/internal/infrastructure/inbound/grpc/post/update_post_handler.go:145.56,146.92 1 0
pinstack-post-service/internal/infrastructure/inbound/grpc/post/update_post_handler.go:147.51,148.88 1 1
pinstack-post-service/internal/infrastructure/inbound/grpc/post/update_post_handler.go:149.11,151.91 2 1
pinstack-post-service/internal/infrastructure/inbound/grpc/post/update_post_handler.go:155.2,156.38 2 2
pinstack-post-service/internal/infrastructure/inbound/grpc/post/update_post_handler.go:156.38,158.24 2 1
pinstack-post-service/internal/infrastructure/inbound/grpc/post/update_post_handler.go:158.24,160.4 1 1
pinstack-post-service/internal/infrastructure/inbound/grpc/post/update_post_handler.go:161.3,167.4 1 1
pinstack-post-service/internal/infrastructure/inbound/grpc/post/update_post_handler.go:170.2,177.29 7 2
pinstack-post-service/internal/infrastructure/inbound/grpc/post/update_post_handler.go:177.29,181.38 4 2
pinstack-post-service/internal/infrastructure/inbound/grpc/post/update_post_handler.go:181.38,183.4 1 2
pinstack-post-service/internal/infrastructure/inbound/grpc/post/update_post_handler.go:184.3,184.39 1 2
pinstack-post-service/internal/infrastructure/inbound/grpc/post/update_post_handler.go:184.39,186.4 1 2
pinstack-post-service/internal/infrastructure/inbound/grpc/post/update_post_handler.go:187.3,187.39 1 2
pinstack-post-service/internal/infrastructure/inbound/grpc/post/update_post_handler.go:187.39,189.4 1 2
pinstack-post-service/internal/infrastructure/inbound/grpc/post/update_post_handler.go:192.2,193.37 2 2
pinstack-post-service/internal/infrastructure/inbound/grpc/post/update_post_handler.go:193.37,195.3 1 2
pinstack-post-service/internal/infrastructure/inbound/grpc/post/update_post_handler.go:197.2,213.18 3 2
